This is pdfTeX, Version 3.14159265-2.6-1.40.20 (MiKTeX 2.9.7200 64-bit) (preloaded format=pdflatex 2019.11.15)  14 FEB 2021 11:09
entering extended mode
**./CRUCERO.tex
(CRUCERO.tex
LaTeX2e <2019-10-01>
("C:\Users\Mari\AppData\Local\Programs\MiKTeX 2.9\tex/latex/beamer\beamer.cls"
Document Class: beamer 2019/09/29 v3.57 A class for typesetting presentations

("C:\Users\Mari\AppData\Local\Programs\MiKTeX 2.9\tex/latex/beamer\beamerbasemo
des.sty"
("C:\Users\Mari\AppData\Local\Programs\MiKTeX 2.9\tex/latex/etoolbox\etoolbox.s
ty"
Package: etoolbox 2019/09/21 v2.5h e-TeX tools for LaTeX (JAW)
\etb@tempcnta=\count80
)
\beamer@tempbox=\box27
\beamer@tempcount=\count81
\c@beamerpauses=\count82

("C:\Users\Mari\AppData\Local\Programs\MiKTeX 2.9\tex/latex/beamer\beamerbasede
code.sty"
\beamer@slideinframe=\count83
\beamer@minimum=\count84
\beamer@decode@box=\box28
)
\beamer@commentbox=\box29
\beamer@modecount=\count85
)
("C:\Users\Mari\AppData\Local\Programs\MiKTeX 2.9\tex/generic/oberdiek\ifpdf.st
y"
Package: ifpdf 2018/09/07 v3.3 Provides the ifpdf switch
)
\headdp=\dimen102
\footheight=\dimen103
\sidebarheight=\dimen104
\beamer@tempdim=\dimen105
\beamer@finalheight=\dimen106
\beamer@animht=\dimen107
\beamer@animdp=\dimen108
\beamer@animwd=\dimen109
\beamer@leftmargin=\dimen110
\beamer@rightmargin=\dimen111
\beamer@leftsidebar=\dimen112
\beamer@rightsidebar=\dimen113
\beamer@boxsize=\dimen114
\beamer@vboxoffset=\dimen115
\beamer@descdefault=\dimen116
\beamer@descriptionwidth=\dimen117
\beamer@lastskip=\skip41
\beamer@areabox=\box30
\beamer@animcurrent=\box31
\beamer@animshowbox=\box32
\beamer@sectionbox=\box33
\beamer@logobox=\box34
\beamer@linebox=\box35
\beamer@sectioncount=\count86
\beamer@subsubsectionmax=\count87
\beamer@subsectionmax=\count88
\beamer@sectionmax=\count89
\beamer@totalheads=\count90
\beamer@headcounter=\count91
\beamer@partstartpage=\count92
\beamer@sectionstartpage=\count93
\beamer@subsectionstartpage=\count94
\beamer@animationtempa=\count95
\beamer@animationtempb=\count96
\beamer@xpos=\count97
\beamer@ypos=\count98
\beamer@ypos@offset=\count99
\beamer@showpartnumber=\count100
\beamer@currentsubsection=\count101
\beamer@coveringdepth=\count102
\beamer@sectionadjust=\count103
\beamer@tocsectionnumber=\count104

("C:\Users\Mari\AppData\Local\Programs\MiKTeX 2.9\tex/latex/beamer\beamerbaseop
tions.sty"
("C:\Users\Mari\AppData\Local\Programs\MiKTeX 2.9\tex/latex/graphics\keyval.sty
"
Package: keyval 2014/10/28 v1.15 key=value parser (DPC)
\KV@toks@=\toks14
))
\beamer@paperwidth=\skip42
\beamer@paperheight=\skip43

("C:\Users\Mari\AppData\Local\Programs\MiKTeX 2.9\tex/latex/geometry\geometry.s
ty"
Package: geometry 2018/04/16 v5.8 Page Geometry

("C:\Users\Mari\AppData\Local\Programs\MiKTeX 2.9\tex/generic/oberdiek\ifvtex.s
ty"
Package: ifvtex 2016/05/16 v1.6 Detect VTeX and its facilities (HO)
Package ifvtex Info: VTeX not detected.
)
("C:\Users\Mari\AppData\Local\Programs\MiKTeX 2.9\tex/generic/ifxetex\ifxetex.s
ty"
Package: ifxetex 2010/09/12 v0.6 Provides ifxetex conditional
)
\Gm@cnth=\count105
\Gm@cntv=\count106
\c@Gm@tempcnt=\count107
\Gm@bindingoffset=\dimen118
\Gm@wd@mp=\dimen119
\Gm@odd@mp=\dimen120
\Gm@even@mp=\dimen121
\Gm@layoutwidth=\dimen122
\Gm@layoutheight=\dimen123
\Gm@layouthoffset=\dimen124
\Gm@layoutvoffset=\dimen125
\Gm@dimlist=\toks15

("C:\Users\Mari\AppData\Local\Programs\MiKTeX 2.9\tex/latex/geometry\geometry.c
fg"))
("C:\Users\Mari\AppData\Local\Programs\MiKTeX 2.9\tex/latex/base\size11.clo"
File: size11.clo 2019/08/27 v1.4j Standard LaTeX file (size option)
)
("C:\Users\Mari\AppData\Local\Programs\MiKTeX 2.9\tex/latex/pgf/basiclayer\pgfc
ore.sty"
("C:\Users\Mari\AppData\Local\Programs\MiKTeX 2.9\tex/latex/graphics\graphicx.s
ty"
Package: graphicx 2017/06/01 v1.1a Enhanced LaTeX Graphics (DPC,SPQR)

("C:\Users\Mari\AppData\Local\Programs\MiKTeX 2.9\tex/latex/graphics\graphics.s
ty"
Package: graphics 2019/07/20 v1.3b Standard LaTeX Graphics (DPC,SPQR)

("C:\Users\Mari\AppData\Local\Programs\MiKTeX 2.9\tex/latex/graphics\trig.sty"
Package: trig 2016/01/03 v1.10 sin cos tan (DPC)
)
("C:\Users\Mari\AppData\Local\Programs\MiKTeX 2.9\tex/latex/graphics-cfg\graphi
cs.cfg"
File: graphics.cfg 2016/06/04 v1.11 sample graphics configuration
)
Package graphics Info: Driver file: pdftex.def on input line 105.

("C:\Users\Mari\AppData\Local\Programs\MiKTeX 2.9\tex/latex/graphics-def\pdftex
.def"
File: pdftex.def 2018/01/08 v1.0l Graphics/color driver for pdftex
))
\Gin@req@height=\dimen126
\Gin@req@width=\dimen127
)
("C:\Users\Mari\AppData\Local\Programs\MiKTeX 2.9\tex/latex/pgf/systemlayer\pgf
sys.sty"
("C:\Users\Mari\AppData\Local\Programs\MiKTeX 2.9\tex/latex/pgf/utilities\pgfrc
s.sty"
("C:\Users\Mari\AppData\Local\Programs\MiKTeX 2.9\tex/generic/pgf/utilities\pgf
util-common.tex"
\pgfutil@everybye=\toks16
\pgfutil@tempdima=\dimen128
\pgfutil@tempdimb=\dimen129

("C:\Users\Mari\AppData\Local\Programs\MiKTeX 2.9\tex/generic/pgf/utilities\pgf
util-common-lists.tex"))
("C:\Users\Mari\AppData\Local\Programs\MiKTeX 2.9\tex/generic/pgf/utilities\pgf
util-latex.def"
\pgfutil@abb=\box36

("C:\Users\Mari\AppData\Local\Programs\MiKTeX 2.9\tex/latex/ms\everyshi.sty"
Package: everyshi 2001/05/15 v3.00 EveryShipout Package (MS)
))
("C:\Users\Mari\AppData\Local\Programs\MiKTeX 2.9\tex/generic/pgf/utilities\pgf
rcs.code.tex"
("C:\Users\Mari\AppData\Local\Programs\MiKTeX 2.9\tex/generic/pgf\pgf.revision.
tex")
Package: pgfrcs 2019/12/21 v3.1.5a (3.1.5a)
))
("C:\Users\Mari\AppData\Local\Programs\MiKTeX 2.9\tex/generic/pgf/systemlayer\p
gfsys.code.tex"
Package: pgfsys 2019/12/21 v3.1.5a (3.1.5a)

("C:\Users\Mari\AppData\Local\Programs\MiKTeX 2.9\tex/generic/pgf/utilities\pgf
keys.code.tex"
\pgfkeys@pathtoks=\toks17
\pgfkeys@temptoks=\toks18

("C:\Users\Mari\AppData\Local\Programs\MiKTeX 2.9\tex/generic/pgf/utilities\pgf
keysfiltered.code.tex"
\pgfkeys@tmptoks=\toks19
))
\pgf@x=\dimen130
\pgf@y=\dimen131
\pgf@xa=\dimen132
\pgf@ya=\dimen133
\pgf@xb=\dimen134
\pgf@yb=\dimen135
\pgf@xc=\dimen136
\pgf@yc=\dimen137
\pgf@xd=\dimen138
\pgf@yd=\dimen139
\w@pgf@writea=\write3
\r@pgf@reada=\read1
\c@pgf@counta=\count108
\c@pgf@countb=\count109
\c@pgf@countc=\count110
\c@pgf@countd=\count111
\t@pgf@toka=\toks20
\t@pgf@tokb=\toks21
\t@pgf@tokc=\toks22
\pgf@sys@id@count=\count112

("C:\Users\Mari\AppData\Local\Programs\MiKTeX 2.9\tex/generic/pgf/systemlayer\p
gf.cfg"
File: pgf.cfg 2019/12/21 v3.1.5a (3.1.5a)
)
Driver file for pgf: pgfsys-pdftex.def

("C:\Users\Mari\AppData\Local\Programs\MiKTeX 2.9\tex/generic/pgf/systemlayer\p
gfsys-pdftex.def"
File: pgfsys-pdftex.def 2019/12/21 v3.1.5a (3.1.5a)

("C:\Users\Mari\AppData\Local\Programs\MiKTeX 2.9\tex/generic/pgf/systemlayer\p
gfsys-common-pdf.def"
File: pgfsys-common-pdf.def 2019/12/21 v3.1.5a (3.1.5a)
)))
("C:\Users\Mari\AppData\Local\Programs\MiKTeX 2.9\tex/generic/pgf/systemlayer\p
gfsyssoftpath.code.tex"
File: pgfsyssoftpath.code.tex 2019/12/21 v3.1.5a (3.1.5a)
\pgfsyssoftpath@smallbuffer@items=\count113
\pgfsyssoftpath@bigbuffer@items=\count114
)
("C:\Users\Mari\AppData\Local\Programs\MiKTeX 2.9\tex/generic/pgf/systemlayer\p
gfsysprotocol.code.tex"
File: pgfsysprotocol.code.tex 2019/12/21 v3.1.5a (3.1.5a)
))
("C:\Users\Mari\AppData\Local\Programs\MiKTeX 2.9\tex/latex/xcolor\xcolor.sty"
Package: xcolor 2016/05/11 v2.12 LaTeX color extensions (UK)

("C:\Users\Mari\AppData\Local\Programs\MiKTeX 2.9\tex/latex/graphics-cfg\color.
cfg"
File: color.cfg 2016/01/02 v1.6 sample color configuration
)
Package xcolor Info: Driver file: pdftex.def on input line 225.
Package xcolor Info: Model `cmy' substituted by `cmy0' on input line 1348.
Package xcolor Info: Model `hsb' substituted by `rgb' on input line 1352.
Package xcolor Info: Model `RGB' extended on input line 1364.
Package xcolor Info: Model `HTML' substituted by `rgb' on input line 1366.
Package xcolor Info: Model `Hsb' substituted by `hsb' on input line 1367.
Package xcolor Info: Model `tHsb' substituted by `hsb' on input line 1368.
Package xcolor Info: Model `HSB' substituted by `hsb' on input line 1369.
Package xcolor Info: Model `Gray' substituted by `gray' on input line 1370.
Package xcolor Info: Model `wave' substituted by `hsb' on input line 1371.
)
("C:\Users\Mari\AppData\Local\Programs\MiKTeX 2.9\tex/generic/pgf/basiclayer\pg
fcore.code.tex"
Package: pgfcore 2019/12/21 v3.1.5a (3.1.5a)

("C:\Users\Mari\AppData\Local\Programs\MiKTeX 2.9\tex/generic/pgf/math\pgfmath.
code.tex"
("C:\Users\Mari\AppData\Local\Programs\MiKTeX 2.9\tex/generic/pgf/math\pgfmathc
alc.code.tex"
("C:\Users\Mari\AppData\Local\Programs\MiKTeX 2.9\tex/generic/pgf/math\pgfmathu
til.code.tex")
("C:\Users\Mari\AppData\Local\Programs\MiKTeX 2.9\tex/generic/pgf/math\pgfmathp
arser.code.tex"
\pgfmath@dimen=\dimen140
\pgfmath@count=\count115
\pgfmath@box=\box37
\pgfmath@toks=\toks23
\pgfmath@stack@operand=\toks24
\pgfmath@stack@operation=\toks25
)
("C:\Users\Mari\AppData\Local\Programs\MiKTeX 2.9\tex/generic/pgf/math\pgfmathf
unctions.code.tex"
("C:\Users\Mari\AppData\Local\Programs\MiKTeX 2.9\tex/generic/pgf/math\pgfmathf
unctions.basic.code.tex")
("C:\Users\Mari\AppData\Local\Programs\MiKTeX 2.9\tex/generic/pgf/math\pgfmathf
unctions.trigonometric.code.tex")
("C:\Users\Mari\AppData\Local\Programs\MiKTeX 2.9\tex/generic/pgf/math\pgfmathf
unctions.random.code.tex")
("C:\Users\Mari\AppData\Local\Programs\MiKTeX 2.9\tex/generic/pgf/math\pgfmathf
unctions.comparison.code.tex")
("C:\Users\Mari\AppData\Local\Programs\MiKTeX 2.9\tex/generic/pgf/math\pgfmathf
unctions.base.code.tex")
("C:\Users\Mari\AppData\Local\Programs\MiKTeX 2.9\tex/generic/pgf/math\pgfmathf
unctions.round.code.tex")
("C:\Users\Mari\AppData\Local\Programs\MiKTeX 2.9\tex/generic/pgf/math\pgfmathf
unctions.misc.code.tex")
("C:\Users\Mari\AppData\Local\Programs\MiKTeX 2.9\tex/generic/pgf/math\pgfmathf
unctions.integerarithmetics.code.tex")))
("C:\Users\Mari\AppData\Local\Programs\MiKTeX 2.9\tex/generic/pgf/math\pgfmathf
loat.code.tex"
\c@pgfmathroundto@lastzeros=\count116
))
("C:\Users\Mari\AppData\Local\Programs\MiKTeX 2.9\tex/generic/pgf/math\pgfint.c
ode.tex")
("C:\Users\Mari\AppData\Local\Programs\MiKTeX 2.9\tex/generic/pgf/basiclayer\pg
fcorepoints.code.tex"
File: pgfcorepoints.code.tex 2019/12/21 v3.1.5a (3.1.5a)
\pgf@picminx=\dimen141
\pgf@picmaxx=\dimen142
\pgf@picminy=\dimen143
\pgf@picmaxy=\dimen144
\pgf@pathminx=\dimen145
\pgf@pathmaxx=\dimen146
\pgf@pathminy=\dimen147
\pgf@pathmaxy=\dimen148
\pgf@xx=\dimen149
\pgf@xy=\dimen150
\pgf@yx=\dimen151
\pgf@yy=\dimen152
\pgf@zx=\dimen153
\pgf@zy=\dimen154
)
("C:\Users\Mari\AppData\Local\Programs\MiKTeX 2.9\tex/generic/pgf/basiclayer\pg
fcorepathconstruct.code.tex"
File: pgfcorepathconstruct.code.tex 2019/12/21 v3.1.5a (3.1.5a)
\pgf@path@lastx=\dimen155
\pgf@path@lasty=\dimen156
)
("C:\Users\Mari\AppData\Local\Programs\MiKTeX 2.9\tex/generic/pgf/basiclayer\pg
fcorepathusage.code.tex"
File: pgfcorepathusage.code.tex 2019/12/21 v3.1.5a (3.1.5a)
\pgf@shorten@end@additional=\dimen157
\pgf@shorten@start@additional=\dimen158
)
("C:\Users\Mari\AppData\Local\Programs\MiKTeX 2.9\tex/generic/pgf/basiclayer\pg
fcorescopes.code.tex"
File: pgfcorescopes.code.tex 2019/12/21 v3.1.5a (3.1.5a)
\pgfpic=\box38
\pgf@hbox=\box39
\pgf@layerbox@main=\box40
\pgf@picture@serial@count=\count117
)
("C:\Users\Mari\AppData\Local\Programs\MiKTeX 2.9\tex/generic/pgf/basiclayer\pg
fcoregraphicstate.code.tex"
File: pgfcoregraphicstate.code.tex 2019/12/21 v3.1.5a (3.1.5a)
\pgflinewidth=\dimen159
)
("C:\Users\Mari\AppData\Local\Programs\MiKTeX 2.9\tex/generic/pgf/basiclayer\pg
fcoretransformations.code.tex"
File: pgfcoretransformations.code.tex 2019/12/21 v3.1.5a (3.1.5a)
\pgf@pt@x=\dimen160
\pgf@pt@y=\dimen161
\pgf@pt@temp=\dimen162
)
("C:\Users\Mari\AppData\Local\Programs\MiKTeX 2.9\tex/generic/pgf/basiclayer\pg
fcorequick.code.tex"
File: pgfcorequick.code.tex 2019/12/21 v3.1.5a (3.1.5a)
)
("C:\Users\Mari\AppData\Local\Programs\MiKTeX 2.9\tex/generic/pgf/basiclayer\pg
fcoreobjects.code.tex"
File: pgfcoreobjects.code.tex 2019/12/21 v3.1.5a (3.1.5a)
)
("C:\Users\Mari\AppData\Local\Programs\MiKTeX 2.9\tex/generic/pgf/basiclayer\pg
fcorepathprocessing.code.tex"
File: pgfcorepathprocessing.code.tex 2019/12/21 v3.1.5a (3.1.5a)
)
("C:\Users\Mari\AppData\Local\Programs\MiKTeX 2.9\tex/generic/pgf/basiclayer\pg
fcorearrows.code.tex"
File: pgfcorearrows.code.tex 2019/12/21 v3.1.5a (3.1.5a)
\pgfarrowsep=\dimen163
)
("C:\Users\Mari\AppData\Local\Programs\MiKTeX 2.9\tex/generic/pgf/basiclayer\pg
fcoreshade.code.tex"
File: pgfcoreshade.code.tex 2019/12/21 v3.1.5a (3.1.5a)
\pgf@max=\dimen164
\pgf@sys@shading@range@num=\count118
\pgf@shadingcount=\count119
)
("C:\Users\Mari\AppData\Local\Programs\MiKTeX 2.9\tex/generic/pgf/basiclayer\pg
fcoreimage.code.tex"
File: pgfcoreimage.code.tex 2019/12/21 v3.1.5a (3.1.5a)

("C:\Users\Mari\AppData\Local\Programs\MiKTeX 2.9\tex/generic/pgf/basiclayer\pg
fcoreexternal.code.tex"
File: pgfcoreexternal.code.tex 2019/12/21 v3.1.5a (3.1.5a)
\pgfexternal@startupbox=\box41
))
("C:\Users\Mari\AppData\Local\Programs\MiKTeX 2.9\tex/generic/pgf/basiclayer\pg
fcorelayers.code.tex"
File: pgfcorelayers.code.tex 2019/12/21 v3.1.5a (3.1.5a)
)
("C:\Users\Mari\AppData\Local\Programs\MiKTeX 2.9\tex/generic/pgf/basiclayer\pg
fcoretransparency.code.tex"
File: pgfcoretransparency.code.tex 2019/12/21 v3.1.5a (3.1.5a)
)
("C:\Users\Mari\AppData\Local\Programs\MiKTeX 2.9\tex/generic/pgf/basiclayer\pg
fcorepatterns.code.tex"
File: pgfcorepatterns.code.tex 2019/12/21 v3.1.5a (3.1.5a)
)
("C:\Users\Mari\AppData\Local\Programs\MiKTeX 2.9\tex/generic/pgf/basiclayer\pg
fcorerdf.code.tex"
File: pgfcorerdf.code.tex 2019/12/21 v3.1.5a (3.1.5a)
)))
("C:\Users\Mari\AppData\Local\Programs\MiKTeX 2.9\tex/latex/pgf/utilities\xxcol
or.sty"
Package: xxcolor 2003/10/24 ver 0.1
\XC@nummixins=\count120
\XC@countmixins=\count121
)
("C:\Users\Mari\AppData\Local\Programs\MiKTeX 2.9\tex/generic/oberdiek\atbegshi
.sty"
Package: atbegshi 2016/06/09 v1.18 At begin shipout hook (HO)

("C:\Users\Mari\AppData\Local\Programs\MiKTeX 2.9\tex/generic/oberdiek\infwarer
r.sty"
Package: infwarerr 2016/05/16 v1.4 Providing info/warning/error messages (HO)
)
("C:\Users\Mari\AppData\Local\Programs\MiKTeX 2.9\tex/generic/oberdiek\ltxcmds.
sty"
Package: ltxcmds 2016/05/16 v1.23 LaTeX kernel commands for general use (HO)
))
("C:\Users\Mari\AppData\Local\Programs\MiKTeX 2.9\tex/latex/hyperref\hyperref.s
ty"
Package: hyperref 2019/09/28 v7.00a Hypertext links for LaTeX

("C:\Users\Mari\AppData\Local\Programs\MiKTeX 2.9\tex/generic/oberdiek\hobsub-h
yperref.sty"
Package: hobsub-hyperref 2016/05/16 v1.14 Bundle oberdiek, subset hyperref (HO)


("C:\Users\Mari\AppData\Local\Programs\MiKTeX 2.9\tex/generic/oberdiek\hobsub-g
eneric.sty"
Package: hobsub-generic 2016/05/16 v1.14 Bundle oberdiek, subset generic (HO)
Package: hobsub 2016/05/16 v1.14 Construct package bundles (HO)
Package hobsub Info: Skipping package `infwarerr' (already loaded).
Package hobsub Info: Skipping package `ltxcmds' (already loaded).
Package: ifluatex 2016/05/16 v1.4 Provides the ifluatex switch (HO)
Package ifluatex Info: LuaTeX not detected.
Package hobsub Info: Skipping package `ifvtex' (already loaded).
Package: intcalc 2016/05/16 v1.2 Expandable calculations with integers (HO)
Package hobsub Info: Skipping package `ifpdf' (already loaded).
Package: etexcmds 2016/05/16 v1.6 Avoid name clashes with e-TeX commands (HO)
Package: kvsetkeys 2016/05/16 v1.17 Key value parser (HO)
Package: kvdefinekeys 2016/05/16 v1.4 Define keys (HO)
Package: pdftexcmds 2019/07/25 v0.30 Utility functions of pdfTeX for LuaTeX (HO
)
Package pdftexcmds Info: LuaTeX not detected.
Package pdftexcmds Info: \pdf@primitive is available.
Package pdftexcmds Info: \pdf@ifprimitive is available.
Package pdftexcmds Info: \pdfdraftmode found.
Package: pdfescape 2016/05/16 v1.14 Implements pdfTeX's escape features (HO)
Package: bigintcalc 2016/05/16 v1.4 Expandable calculations on big integers (HO
)
Package: bitset 2016/05/16 v1.2 Handle bit-vector datatype (HO)
Package: uniquecounter 2016/05/16 v1.3 Provide unlimited unique counter (HO)
)
Package hobsub Info: Skipping package `hobsub' (already loaded).
Package: letltxmacro 2016/05/16 v1.5 Let assignment for LaTeX macros (HO)
Package: hopatch 2016/05/16 v1.3 Wrapper for package hooks (HO)
Package: xcolor-patch 2016/05/16 xcolor patch
Package: atveryend 2016/05/16 v1.9 Hooks at the very end of document (HO)
Package hobsub Info: Skipping package `atbegshi' (already loaded).
Package: refcount 2016/05/16 v3.5 Data extraction from label references (HO)
Package: hycolor 2016/05/16 v1.8 Color options for hyperref/bookmark (HO)
)
("C:\Users\Mari\AppData\Local\Programs\MiKTeX 2.9\tex/latex/oberdiek\auxhook.st
y"
Package: auxhook 2016/05/16 v1.4 Hooks for auxiliary files (HO)
)
("C:\Users\Mari\AppData\Local\Programs\MiKTeX 2.9\tex/latex/oberdiek\kvoptions.
sty"
Package: kvoptions 2016/05/16 v3.12 Key value format for package options (HO)
)
\@linkdim=\dimen165
\Hy@linkcounter=\count122
\Hy@pagecounter=\count123

("C:\Users\Mari\AppData\Local\Programs\MiKTeX 2.9\tex/latex/hyperref\pd1enc.def
"
File: pd1enc.def 2019/09/28 v7.00a Hyperref: PDFDocEncoding definition (HO)
Now handling font encoding PD1 ...
... no UTF-8 mapping file for font encoding PD1
)
\Hy@SavedSpaceFactor=\count124

("C:\Users\Mari\AppData\Local\Programs\MiKTeX 2.9\tex/latex/00miktex\hyperref.c
fg"
File: hyperref.cfg 2002/06/06 v1.2 hyperref configuration of TeXLive
)
Package hyperref Info: Option `bookmarks' set `true' on input line 4414.
Package hyperref Info: Option `bookmarksopen' set `true' on input line 4414.
Package hyperref Info: Option `implicit' set `false' on input line 4414.
Package hyperref Info: Hyper figures OFF on input line 4540.
Package hyperref Info: Link nesting OFF on input line 4545.
Package hyperref Info: Hyper index ON on input line 4548.
Package hyperref Info: Plain pages OFF on input line 4555.
Package hyperref Info: Backreferencing OFF on input line 4560.
Package hyperref Info: Implicit mode OFF; no redefinition of LaTeX internals.
Package hyperref Info: Bookmarks ON on input line 4793.
\c@Hy@tempcnt=\count125
 ("C:\Users\Mari\AppData\Local\Programs\MiKTeX 2.9\tex/latex/url\url.sty"
\Urlmuskip=\muskip10
Package: url 2013/09/16  ver 3.4  Verb mode for urls, etc.
)
LaTeX Info: Redefining \url on input line 5152.
\XeTeXLinkMargin=\dimen166
\Fld@menulength=\count126
\Field@Width=\dimen167
\Fld@charsize=\dimen168
Package hyperref Info: Hyper figures OFF on input line 6423.
Package hyperref Info: Link nesting OFF on input line 6428.
Package hyperref Info: Hyper index ON on input line 6431.
Package hyperref Info: backreferencing OFF on input line 6438.
Package hyperref Info: Link coloring OFF on input line 6443.
Package hyperref Info: Link coloring with OCG OFF on input line 6448.
Package hyperref Info: PDF/A mode OFF on input line 6453.
LaTeX Info: Redefining \ref on input line 6493.
LaTeX Info: Redefining \pageref on input line 6497.
\Hy@abspage=\count127


Package hyperref Message: Stopped early.

)
Package hyperref Info: Driver (autodetected): hpdftex.

("C:\Users\Mari\AppData\Local\Programs\MiKTeX 2.9\tex/latex/hyperref\hpdftex.de
f"
File: hpdftex.def 2019/09/28 v7.00a Hyperref driver for pdfTeX
\Fld@listcount=\count128
\c@bookmark@seq@number=\count129

("C:\Users\Mari\AppData\Local\Programs\MiKTeX 2.9\tex/latex/oberdiek\rerunfilec
heck.sty"
Package: rerunfilecheck 2016/05/16 v1.8 Rerun checks for auxiliary files (HO)
Package uniquecounter Info: New unique counter `rerunfilecheck' on input line 2
82.
))
("C:\Users\Mari\AppData\Local\Programs\MiKTeX 2.9\tex/latex/beamer\beamerbasere
quires.sty"
("C:\Users\Mari\AppData\Local\Programs\MiKTeX 2.9\tex/latex/beamer\beamerbaseco
mpatibility.sty")
("C:\Users\Mari\AppData\Local\Programs\MiKTeX 2.9\tex/latex/beamer\beamerbasefo
nt.sty"
("C:\Users\Mari\AppData\Local\Programs\MiKTeX 2.9\tex/latex/amsfonts\amssymb.st
y"
Package: amssymb 2013/01/14 v3.01 AMS font symbols

("C:\Users\Mari\AppData\Local\Programs\MiKTeX 2.9\tex/latex/amsfonts\amsfonts.s
ty"
Package: amsfonts 2013/01/14 v3.01 Basic AMSFonts support
\@emptytoks=\toks26
\symAMSa=\mathgroup4
\symAMSb=\mathgroup5
LaTeX Font Info:    Redeclaring math symbol \hbar on input line 98.
LaTeX Font Info:    Overwriting math alphabet `\mathfrak' in version `bold'
(Font)                  U/euf/m/n --> U/euf/b/n on input line 106.
))
("C:\Users\Mari\AppData\Local\Programs\MiKTeX 2.9\tex/latex/sansmathaccent\sans
mathaccent.sty"
Package: sansmathaccent 2013/03/28

("C:\Users\Mari\AppData\Local\Programs\MiKTeX 2.9\tex/latex/filehook\filehook.s
ty"
Package: filehook 2019/10/03 v0.6 Hooks for input files
)))
("C:\Users\Mari\AppData\Local\Programs\MiKTeX 2.9\tex/latex/beamer\beamerbasetr
anslator.sty"
("C:\Users\Mari\AppData\Local\Programs\MiKTeX 2.9\tex/latex/translator\translat
or.sty"
Package: translator 2019-05-31 v1.12a Easy translation of strings in LaTeX
))
("C:\Users\Mari\AppData\Local\Programs\MiKTeX 2.9\tex/latex/beamer\beamerbasemi
sc.sty")
("C:\Users\Mari\AppData\Local\Programs\MiKTeX 2.9\tex/latex/beamer\beamerbasetw
oscreens.sty")
("C:\Users\Mari\AppData\Local\Programs\MiKTeX 2.9\tex/latex/beamer\beamerbaseov
erlay.sty"
\beamer@argscount=\count130
\beamer@lastskipcover=\skip44
\beamer@trivlistdepth=\count131
)
("C:\Users\Mari\AppData\Local\Programs\MiKTeX 2.9\tex/latex/beamer\beamerbaseti
tle.sty")
("C:\Users\Mari\AppData\Local\Programs\MiKTeX 2.9\tex/latex/beamer\beamerbasese
ction.sty"
\c@lecture=\count132
\c@part=\count133
\c@section=\count134
\c@subsection=\count135
\c@subsubsection=\count136
)
("C:\Users\Mari\AppData\Local\Programs\MiKTeX 2.9\tex/latex/beamer\beamerbasefr
ame.sty"
\beamer@framebox=\box42
\beamer@frametitlebox=\box43
\beamer@zoombox=\box44
\beamer@zoomcount=\count137
\beamer@zoomframecount=\count138
\beamer@frametextheight=\dimen169
\c@subsectionslide=\count139
\beamer@frametopskip=\skip45
\beamer@framebottomskip=\skip46
\beamer@frametopskipautobreak=\skip47
\beamer@framebottomskipautobreak=\skip48
\beamer@envbody=\toks27
\framewidth=\dimen170
\c@framenumber=\count140
)
("C:\Users\Mari\AppData\Local\Programs\MiKTeX 2.9\tex/latex/beamer\beamerbaseve
rbatim.sty"
\beamer@verbatimfileout=\write4
)
("C:\Users\Mari\AppData\Local\Programs\MiKTeX 2.9\tex/latex/beamer\beamerbasefr
amesize.sty"
\beamer@splitbox=\box45
\beamer@autobreakcount=\count141
\beamer@autobreaklastheight=\dimen171
\beamer@frametitletoks=\toks28
\beamer@framesubtitletoks=\toks29
)
("C:\Users\Mari\AppData\Local\Programs\MiKTeX 2.9\tex/latex/beamer\beamerbasefr
amecomponents.sty"
\beamer@footins=\box46
)
("C:\Users\Mari\AppData\Local\Programs\MiKTeX 2.9\tex/latex/beamer\beamerbaseco
lor.sty")
("C:\Users\Mari\AppData\Local\Programs\MiKTeX 2.9\tex/latex/beamer\beamerbaseno
tes.sty"
\beamer@frameboxcopy=\box47
)
("C:\Users\Mari\AppData\Local\Programs\MiKTeX 2.9\tex/latex/beamer\beamerbaseto
c.sty")
("C:\Users\Mari\AppData\Local\Programs\MiKTeX 2.9\tex/latex/beamer\beamerbasete
mplates.sty"
\beamer@sbttoks=\toks30

("C:\Users\Mari\AppData\Local\Programs\MiKTeX 2.9\tex/latex/beamer\beamerbaseau
xtemplates.sty"
("C:\Users\Mari\AppData\Local\Programs\MiKTeX 2.9\tex/latex/beamer\beamerbasebo
xes.sty"
\bmb@box=\box48
\bmb@colorbox=\box49
\bmb@boxshadow=\box50
\bmb@boxshadowball=\box51
\bmb@boxshadowballlarge=\box52
\bmb@temp=\dimen172
\bmb@dima=\dimen173
\bmb@dimb=\dimen174
\bmb@prevheight=\dimen175
)
\beamer@blockheadheight=\dimen176
))
("C:\Users\Mari\AppData\Local\Programs\MiKTeX 2.9\tex/latex/beamer\beamerbaselo
calstructure.sty"
("C:\Users\Mari\AppData\Local\Programs\MiKTeX 2.9\tex/latex/tools\enumerate.sty
"
Package: enumerate 2015/07/23 v3.00 enumerate extensions (DPC)
\@enLab=\toks31
)
\c@figure=\count142
\c@table=\count143
\abovecaptionskip=\skip49
\belowcaptionskip=\skip50
)
("C:\Users\Mari\AppData\Local\Programs\MiKTeX 2.9\tex/latex/beamer\beamerbasena
vigation.sty"
\beamer@section@min@dim=\dimen177
)
("C:\Users\Mari\AppData\Local\Programs\MiKTeX 2.9\tex/latex/beamer\beamerbaseth
eorems.sty"
("C:\Users\Mari\AppData\Local\Programs\MiKTeX 2.9\tex/latex/amsmath\amsmath.sty
"
Package: amsmath 2019/04/01 v2.17c AMS math features
\@mathmargin=\skip51

For additional information on amsmath, use the `?' option.
("C:\Users\Mari\AppData\Local\Programs\MiKTeX 2.9\tex/latex/amsmath\amstext.sty
"
Package: amstext 2000/06/29 v2.01 AMS text
 ("C:\Users\Mari\AppData\Local\Programs\MiKTeX 2.9\tex/latex/amsmath\amsgen.sty
"
File: amsgen.sty 1999/11/30 v2.0 generic functions
\@emptytoks=\toks32
\ex@=\dimen178
))
("C:\Users\Mari\AppData\Local\Programs\MiKTeX 2.9\tex/latex/amsmath\amsbsy.sty"
Package: amsbsy 1999/11/29 v1.2d Bold Symbols
\pmbraise@=\dimen179
) ("C:\Users\Mari\AppData\Local\Programs\MiKTeX 2.9\tex/latex/amsmath\amsopn.st
y"
Package: amsopn 2016/03/08 v2.02 operator names
)
\inf@bad=\count144
LaTeX Info: Redefining \frac on input line 227.
\uproot@=\count145
\leftroot@=\count146
LaTeX Info: Redefining \overline on input line 389.
\classnum@=\count147
\DOTSCASE@=\count148
LaTeX Info: Redefining \ldots on input line 486.
LaTeX Info: Redefining \dots on input line 489.
LaTeX Info: Redefining \cdots on input line 610.
\Mathstrutbox@=\box53
\strutbox@=\box54
\big@size=\dimen180
LaTeX Font Info:    Redeclaring font encoding OML on input line 733.
LaTeX Font Info:    Redeclaring font encoding OMS on input line 734.
\macc@depth=\count149
\c@MaxMatrixCols=\count150
\dotsspace@=\muskip11
\c@parentequation=\count151
\dspbrk@lvl=\count152
\tag@help=\toks33
\row@=\count153
\column@=\count154
\maxfields@=\count155
\andhelp@=\toks34
\eqnshift@=\dimen181
\alignsep@=\dimen182
\tagshift@=\dimen183
\tagwidth@=\dimen184
\totwidth@=\dimen185
\lineht@=\dimen186
\@envbody=\toks35
\multlinegap=\skip52
\multlinetaggap=\skip53
\mathdisplay@stack=\toks36
LaTeX Info: Redefining \[ on input line 2855.
LaTeX Info: Redefining \] on input line 2856.
)
("C:\Users\Mari\AppData\Local\Programs\MiKTeX 2.9\tex/latex/amscls\amsthm.sty"
Package: amsthm 2017/10/31 v2.20.4
\thm@style=\toks37
\thm@bodyfont=\toks38
\thm@headfont=\toks39
\thm@notefont=\toks40
\thm@headpunct=\toks41
\thm@preskip=\skip54
\thm@postskip=\skip55
\thm@headsep=\skip56
\dth@everypar=\toks42
)
\c@theorem=\count156
)
("C:\Users\Mari\AppData\Local\Programs\MiKTeX 2.9\tex/latex/beamer\beamerbaseth
emes.sty"))
("C:\Users\Mari\AppData\Local\Programs\MiKTeX 2.9\tex/latex/beamer\beamerthemed
efault.sty"
("C:\Users\Mari\AppData\Local\Programs\MiKTeX 2.9\tex/latex/beamer\beamerfontth
emedefault.sty")
("C:\Users\Mari\AppData\Local\Programs\MiKTeX 2.9\tex/latex/beamer\beamercolort
hemedefault.sty")
("C:\Users\Mari\AppData\Local\Programs\MiKTeX 2.9\tex/latex/beamer\beamerinnert
hemedefault.sty"
\beamer@dima=\dimen187
\beamer@dimb=\dimen188
)
("C:\Users\Mari\AppData\Local\Programs\MiKTeX 2.9\tex/latex/beamer\beameroutert
hemedefault.sty")))
("C:\Users\Mari\AppData\Local\Programs\MiKTeX 2.9\tex/latex/base\inputenc.sty"
Package: inputenc 2018/08/11 v1.3c Input encoding file
\inpenc@prehook=\toks43
\inpenc@posthook=\toks44
) ("C:\Users\Mari\AppData\Local\Programs\MiKTeX 2.9\tex/latex/caption\caption.s
ty"
Package: caption 2019/10/18 v3.4a Customizing captions (AR)

("C:\Users\Mari\AppData\Local\Programs\MiKTeX 2.9\tex/latex/caption\caption3.st
y"
Package: caption3 2019/09/09 v1.8e caption3 kernel (AR)
Package caption3 Info: TeX engine: e-TeX on input line 64.
\captionmargin=\dimen189
\captionmargin@=\dimen190
\captionwidth=\dimen191
\caption@tempdima=\dimen192
\caption@indent=\dimen193
\caption@parindent=\dimen194
\caption@hangindent=\dimen195
Package caption Info: beamer document class detected.
)
\c@caption@flags=\count157
\c@continuedfloat=\count158
Package caption Info: beamer document class.
Package caption Info: hyperref package is loaded.
Package caption Info: Hyperref support is turned off
(caption)             because hyperref has stopped early.
)
("C:\Users\Mari\AppData\Local\Programs\MiKTeX 2.9\tex/latex/caption\subcaption.
sty"
Package: subcaption 2019/09/01 v1.3a Sub-captions (AR)
\c@subfigure=\count159
\c@subtable=\count160
)
("C:\Users\Mari\AppData\Local\Programs\MiKTeX 2.9\tex/latex/pgf/frontendlayer\t
ikz.sty"
("C:\Users\Mari\AppData\Local\Programs\MiKTeX 2.9\tex/latex/pgf/basiclayer\pgf.
sty"
Package: pgf 2019/12/21 v3.1.5a (3.1.5a)

("C:\Users\Mari\AppData\Local\Programs\MiKTeX 2.9\tex/generic/pgf/modules\pgfmo
duleshapes.code.tex"
File: pgfmoduleshapes.code.tex 2019/12/21 v3.1.5a (3.1.5a)
\pgfnodeparttextbox=\box55
)
("C:\Users\Mari\AppData\Local\Programs\MiKTeX 2.9\tex/generic/pgf/modules\pgfmo
duleplot.code.tex"
File: pgfmoduleplot.code.tex 2019/12/21 v3.1.5a (3.1.5a)
)
("C:\Users\Mari\AppData\Local\Programs\MiKTeX 2.9\tex/latex/pgf/compatibility\p
gfcomp-version-0-65.sty"
Package: pgfcomp-version-0-65 2019/12/21 v3.1.5a (3.1.5a)
\pgf@nodesepstart=\dimen196
\pgf@nodesepend=\dimen197
)
("C:\Users\Mari\AppData\Local\Programs\MiKTeX 2.9\tex/latex/pgf/compatibility\p
gfcomp-version-1-18.sty"
Package: pgfcomp-version-1-18 2019/12/21 v3.1.5a (3.1.5a)
))
("C:\Users\Mari\AppData\Local\Programs\MiKTeX 2.9\tex/latex/pgf/utilities\pgffo
r.sty"
("C:\Users\Mari\AppData\Local\Programs\MiKTeX 2.9\tex/latex/pgf/utilities\pgfke
ys.sty"
("C:\Users\Mari\AppData\Local\Programs\MiKTeX 2.9\tex/generic/pgf/utilities\pgf
keys.code.tex"))
("C:\Users\Mari\AppData\Local\Programs\MiKTeX 2.9\tex/latex/pgf/math\pgfmath.st
y"
("C:\Users\Mari\AppData\Local\Programs\MiKTeX 2.9\tex/generic/pgf/math\pgfmath.
code.tex"))
("C:\Users\Mari\AppData\Local\Programs\MiKTeX 2.9\tex/generic/pgf/utilities\pgf
for.code.tex"
Package: pgffor 2019/12/21 v3.1.5a (3.1.5a)

("C:\Users\Mari\AppData\Local\Programs\MiKTeX 2.9\tex/generic/pgf/math\pgfmath.
code.tex")
\pgffor@iter=\dimen198
\pgffor@skip=\dimen199
\pgffor@stack=\toks45
\pgffor@toks=\toks46
))
("C:\Users\Mari\AppData\Local\Programs\MiKTeX 2.9\tex/generic/pgf/frontendlayer
/tikz\tikz.code.tex"
Package: tikz 2019/12/21 v3.1.5a (3.1.5a)

("C:\Users\Mari\AppData\Local\Programs\MiKTeX 2.9\tex/generic/pgf/libraries\pgf
libraryplothandlers.code.tex"
File: pgflibraryplothandlers.code.tex 2019/12/21 v3.1.5a (3.1.5a)
\pgf@plot@mark@count=\count161
\pgfplotmarksize=\dimen256
)
\tikz@lastx=\dimen257
\tikz@lasty=\dimen258
\tikz@lastxsaved=\dimen259
\tikz@lastysaved=\dimen260
\tikz@lastmovetox=\dimen261
\tikz@lastmovetoy=\dimen262
\tikzleveldistance=\dimen263
\tikzsiblingdistance=\dimen264
\tikz@figbox=\box56
\tikz@figbox@bg=\box57
\tikz@tempbox=\box58
\tikz@tempbox@bg=\box59
\tikztreelevel=\count162
\tikznumberofchildren=\count163
\tikznumberofcurrentchild=\count164
\tikz@fig@count=\count165

("C:\Users\Mari\AppData\Local\Programs\MiKTeX 2.9\tex/generic/pgf/modules\pgfmo
dulematrix.code.tex"
File: pgfmodulematrix.code.tex 2019/12/21 v3.1.5a (3.1.5a)
\pgfmatrixcurrentrow=\count166
\pgfmatrixcurrentcolumn=\count167
\pgf@matrix@numberofcolumns=\count168
)
\tikz@expandcount=\count169

("C:\Users\Mari\AppData\Local\Programs\MiKTeX 2.9\tex/generic/pgf/frontendlayer
/tikz/libraries\tikzlibrarytopaths.code.tex"
File: tikzlibrarytopaths.code.tex 2019/12/21 v3.1.5a (3.1.5a)
)))
("C:\Users\Mari\AppData\Local\Programs\MiKTeX 2.9\tex/latex/pgfplots\pgfplots.s
ty"
("C:\Users\Mari\AppData\Local\Programs\MiKTeX 2.9\tex/generic/pgfplots\pgfplots
.revision.tex")
Package: pgfplots 2020/02/29 v1.17 Data Visualization (1.17)

("C:\Users\Mari\AppData\Local\Programs\MiKTeX 2.9\tex/generic/pgfplots\pgfplots
.code.tex"
("C:\Users\Mari\AppData\Local\Programs\MiKTeX 2.9\tex/generic/pgfplots\pgfplots
core.code.tex"
\t@pgfplots@toka=\toks47
\t@pgfplots@tokb=\toks48
\t@pgfplots@tokc=\toks49
\pgfplots@tmpa=\dimen265
\c@pgfplots@coordindex=\count170
\c@pgfplots@scanlineindex=\count171

("C:\Users\Mari\AppData\Local\Programs\MiKTeX 2.9\tex/generic/pgfplots/sys\pgfp
lotssysgeneric.code.tex"))
("C:\Users\Mari\AppData\Local\Programs\MiKTeX 2.9\tex/generic/pgfplots/libs\pgf
plotslibrary.code.tex")
("C:\Users\Mari\AppData\Local\Programs\MiKTeX 2.9\tex/generic/pgfplots/oldpgfco
mpatib\pgfplotsoldpgfsupp_loader.code.tex"
("C:\Users\Mari\AppData\Local\Programs\MiKTeX 2.9\tex/generic/pgf/libraries\pgf
libraryfpu.code.tex"))
("C:\Users\Mari\AppData\Local\Programs\MiKTeX 2.9\tex/generic/pgfplots/util\pgf
plotsutil.code.tex"
("C:\Users\Mari\AppData\Local\Programs\MiKTeX 2.9\tex/generic/pgfplots/liststru
cture\pgfplotsliststructure.code.tex")
("C:\Users\Mari\AppData\Local\Programs\MiKTeX 2.9\tex/generic/pgfplots/liststru
cture\pgfplotsliststructureext.code.tex")
("C:\Users\Mari\AppData\Local\Programs\MiKTeX 2.9\tex/generic/pgfplots/liststru
cture\pgfplotsarray.code.tex"
\c@pgfplotsarray@tmp=\count172
)
("C:\Users\Mari\AppData\Local\Programs\MiKTeX 2.9\tex/generic/pgfplots/liststru
cture\pgfplotsmatrix.code.tex")
("C:\Users\Mari\AppData\Local\Programs\MiKTeX 2.9\tex/generic/pgfplots/numtable
\pgfplotstableshared.code.tex"
\c@pgfplotstable@counta=\count173
\t@pgfplotstable@a=\toks50
)
("C:\Users\Mari\AppData\Local\Programs\MiKTeX 2.9\tex/generic/pgfplots/liststru
cture\pgfplotsdeque.code.tex")
("C:\Users\Mari\AppData\Local\Programs\MiKTeX 2.9\tex/generic/pgfplots/util\pgf
plotsbinary.code.tex"
("C:\Users\Mari\AppData\Local\Programs\MiKTeX 2.9\tex/generic/pgfplots/util\pgf
plotsbinary.data.code.tex"))
("C:\Users\Mari\AppData\Local\Programs\MiKTeX 2.9\tex/generic/pgfplots/util\pgf
plotsutil.verb.code.tex")
("C:\Users\Mari\AppData\Local\Programs\MiKTeX 2.9\tex/generic/pgfplots/libs\pgf
librarypgfplots.surfshading.code.tex"
\c@pgfplotslibrarysurf@no=\count174

("C:\Users\Mari\AppData\Local\Programs\MiKTeX 2.9\tex/generic/pgfplots/sys\pgfl
ibrarypgfplots.surfshading.pgfsys-pdftex.def")))
("C:\Users\Mari\AppData\Local\Programs\MiKTeX 2.9\tex/generic/pgfplots/util\pgf
plotscolormap.code.tex"
("C:\Users\Mari\AppData\Local\Programs\MiKTeX 2.9\tex/generic/pgfplots/util\pgf
plotscolor.code.tex"))
("C:\Users\Mari\AppData\Local\Programs\MiKTeX 2.9\tex/generic/pgfplots\pgfplots
stackedplots.code.tex")
("C:\Users\Mari\AppData\Local\Programs\MiKTeX 2.9\tex/generic/pgfplots\pgfplots
plothandlers.code.tex"
("C:\Users\Mari\AppData\Local\Programs\MiKTeX 2.9\tex/generic/pgfplots\pgfplots
meshplothandler.code.tex"
("C:\Users\Mari\AppData\Local\Programs\MiKTeX 2.9\tex/generic/pgfplots\pgfplots
meshplotimage.code.tex")))
("C:\Users\Mari\AppData\Local\Programs\MiKTeX 2.9\tex/generic/pgfplots\pgfplots
.scaling.code.tex")
("C:\Users\Mari\AppData\Local\Programs\MiKTeX 2.9\tex/generic/pgfplots\pgfplots
coordprocessing.code.tex")
("C:\Users\Mari\AppData\Local\Programs\MiKTeX 2.9\tex/generic/pgfplots\pgfplots
.errorbars.code.tex")
("C:\Users\Mari\AppData\Local\Programs\MiKTeX 2.9\tex/generic/pgfplots\pgfplots
.markers.code.tex")
("C:\Users\Mari\AppData\Local\Programs\MiKTeX 2.9\tex/generic/pgfplots\pgfplots
ticks.code.tex")
("C:\Users\Mari\AppData\Local\Programs\MiKTeX 2.9\tex/generic/pgfplots\pgfplots
.paths.code.tex")
("C:\Users\Mari\AppData\Local\Programs\MiKTeX 2.9\tex/generic/pgf/frontendlayer
/tikz/libraries\tikzlibrarydecorations.code.tex"
("C:\Users\Mari\AppData\Local\Programs\MiKTeX 2.9\tex/generic/pgf/modules\pgfmo
duledecorations.code.tex"
\pgfdecoratedcompleteddistance=\dimen266
\pgfdecoratedremainingdistance=\dimen267
\pgfdecoratedinputsegmentcompleteddistance=\dimen268
\pgfdecoratedinputsegmentremainingdistance=\dimen269
\pgf@decorate@distancetomove=\dimen270
\pgf@decorate@repeatstate=\count175
\pgfdecorationsegmentamplitude=\dimen271
\pgfdecorationsegmentlength=\dimen272
)
\tikz@lib@dec@box=\box60
)
("C:\Users\Mari\AppData\Local\Programs\MiKTeX 2.9\tex/generic/pgf/frontendlayer
/tikz/libraries\tikzlibrarydecorations.pathmorphing.code.tex"
("C:\Users\Mari\AppData\Local\Programs\MiKTeX 2.9\tex/generic/pgf/libraries/dec
orations\pgflibrarydecorations.pathmorphing.code.tex"))
("C:\Users\Mari\AppData\Local\Programs\MiKTeX 2.9\tex/generic/pgf/frontendlayer
/tikz/libraries\tikzlibrarydecorations.pathreplacing.code.tex"
("C:\Users\Mari\AppData\Local\Programs\MiKTeX 2.9\tex/generic/pgf/libraries/dec
orations\pgflibrarydecorations.pathreplacing.code.tex"))
\pgfplots@numplots=\count176
\pgfplots@xmin@reg=\dimen273
\pgfplots@xmax@reg=\dimen274
\pgfplots@ymin@reg=\dimen275
\pgfplots@ymax@reg=\dimen276
\pgfplots@zmin@reg=\dimen277
\pgfplots@zmax@reg=\dimen278
)
("C:\Users\Mari\AppData\Local\Programs\MiKTeX 2.9\tex/generic/pgf/frontendlayer
/tikz/libraries\tikzlibraryplotmarks.code.tex"
File: tikzlibraryplotmarks.code.tex 2019/12/21 v3.1.5a (3.1.5a)

("C:\Users\Mari\AppData\Local\Programs\MiKTeX 2.9\tex/generic/pgf/libraries\pgf
libraryplotmarks.code.tex"
File: pgflibraryplotmarks.code.tex 2019/12/21 v3.1.5a (3.1.5a)
))) (pgf-pie.sty
Package: pgf-pie 2011/10/02 v0.2 Some LaTeX macros for pie chart by using PGF/T
ikz package.

("C:\Users\Mari\AppData\Local\Programs\MiKTeX 2.9\tex/latex/base\ifthen.sty"
Package: ifthen 2014/09/29 v1.1c Standard LaTeX ifthen package (DPC)
)
("C:\Users\Mari\AppData\Local\Programs\MiKTeX 2.9\tex/latex/carlisle\scalefnt.s
ty")
\pgfpie@angleEnd=\skip57
\c@pgfpie@explodeLength=\count177
\c@pgfpie@colorLength=\count178
\c@pgfpie@sliceLength=\count179
)
("C:\Users\Mari\AppData\Local\Programs\MiKTeX 2.9\tex/generic/pgf/frontendlayer
/tikz/libraries\tikzlibrarytrees.code.tex"
File: tikzlibrarytrees.code.tex 2019/12/21 v3.1.5a (3.1.5a)
)
("C:\Users\Mari\AppData\Local\Programs\MiKTeX 2.9\tex/generic/pgf/frontendlayer
/tikz/libraries\tikzlibrarymindmap.code.tex"
File: tikzlibrarymindmap.code.tex 2019/12/21 v3.1.5a (3.1.5a)
)
("C:\Users\Mari\AppData\Local\Programs\MiKTeX 2.9\tex/generic/pgf/frontendlayer
/tikz/libraries\tikzlibraryshadows.code.tex"
File: tikzlibraryshadows.code.tex 2019/12/21 v3.1.5a (3.1.5a)

("C:\Users\Mari\AppData\Local\Programs\MiKTeX 2.9\tex/generic/pgf/frontendlayer
/tikz/libraries\tikzlibraryfadings.code.tex"
File: tikzlibraryfadings.code.tex 2019/12/21 v3.1.5a (3.1.5a)

("C:\Users\Mari\AppData\Local\Programs\MiKTeX 2.9\tex/generic/pgf/libraries\pgf
libraryfadings.code.tex"
File: pgflibraryfadings.code.tex 2019/12/21 v3.1.5a (3.1.5a)
)))
("C:\Users\Mari\AppData\Local\Programs\MiKTeX 2.9\tex/generic/pgf/frontendlayer
/tikz/libraries\tikzlibraryintersections.code.tex"
("C:\Users\Mari\AppData\Local\Programs\MiKTeX 2.9\tex/generic/pgf/libraries\pgf
libraryintersections.code.tex"
\pgf@intersect@solutions=\count180
))
("C:\Users\Mari\AppData\Local\Programs\MiKTeX 2.9\tex/generic/pgf/libraries\pgf
libraryarrows.meta.code.tex"
File: pgflibraryarrows.meta.code.tex 2019/12/21 v3.1.5a (3.1.5a)
\pgfarrowinset=\dimen279
\pgfarrowlength=\dimen280
\pgfarrowwidth=\dimen281
\pgfarrowlinewidth=\dimen282
)
("C:\Users\Mari\AppData\Local\Programs\MiKTeX 2.9\tex/generic/pgf/frontendlayer
/tikz/libraries\tikzlibraryautomata.code.tex"
File: tikzlibraryautomata.code.tex 2019/12/21 v3.1.5a (3.1.5a)

("C:\Users\Mari\AppData\Local\Programs\MiKTeX 2.9\tex/generic/pgf/frontendlayer
/tikz/libraries\tikzlibraryshapes.multipart.code.tex"
File: tikzlibraryshapes.multipart.code.tex 2019/12/21 v3.1.5a (3.1.5a)

("C:\Users\Mari\AppData\Local\Programs\MiKTeX 2.9\tex/generic/pgf/libraries/sha
pes\pgflibraryshapes.multipart.code.tex"
File: pgflibraryshapes.multipart.code.tex 2019/12/21 v3.1.5a (3.1.5a)
\pgfnodepartlowerbox=\box61
\pgfnodeparttwobox=\box62
\pgfnodepartthreebox=\box63
\pgfnodepartfourbox=\box64
\pgfnodeparttwentybox=\box65
\pgfnodepartnineteenbox=\box66
\pgfnodeparteighteenbox=\box67
\pgfnodepartseventeenbox=\box68
\pgfnodepartsixteenbox=\box69
\pgfnodepartfifteenbox=\box70
\pgfnodepartfourteenbox=\box71
\pgfnodepartthirteenbox=\box72
\pgfnodeparttwelvebox=\box73
\pgfnodepartelevenbox=\box74
\pgfnodeparttenbox=\box75
\pgfnodepartninebox=\box76
\pgfnodeparteightbox=\box77
\pgfnodepartsevenbox=\box78
\pgfnodepartsixbox=\box79
\pgfnodepartfivebox=\box80
)))
("C:\Users\Mari\AppData\Local\Programs\MiKTeX 2.9\tex/generic/pgf/frontendlayer
/tikz/libraries\tikzlibraryer.code.tex"
File: tikzlibraryer.code.tex 2019/12/21 v3.1.5a (3.1.5a)

("C:\Users\Mari\AppData\Local\Programs\MiKTeX 2.9\tex/generic/pgf/frontendlayer
/tikz/libraries\tikzlibraryshapes.geometric.code.tex"
File: tikzlibraryshapes.geometric.code.tex 2019/12/21 v3.1.5a (3.1.5a)

("C:\Users\Mari\AppData\Local\Programs\MiKTeX 2.9\tex/generic/pgf/libraries/sha
pes\pgflibraryshapes.geometric.code.tex"
File: pgflibraryshapes.geometric.code.tex 2019/12/21 v3.1.5a (3.1.5a)
)))
("C:\Users\Mari\AppData\Local\Programs\MiKTeX 2.9\tex/generic/pgf/frontendlayer
/tikz/libraries\tikzlibrarycalc.code.tex"
File: tikzlibrarycalc.code.tex 2019/12/21 v3.1.5a (3.1.5a)
)
("C:\Users\Mari\AppData\Local\Programs\MiKTeX 2.9\tex/generic/pgf/frontendlayer
/tikz/libraries\tikzlibrarybackgrounds.code.tex"
File: tikzlibrarybackgrounds.code.tex 2019/12/21 v3.1.5a (3.1.5a)
\pgf@layerbox@background=\box81
\pgf@layerboxsaved@background=\box82
)
("C:\Users\Mari\AppData\Local\Programs\MiKTeX 2.9\tex/generic/pgf/frontendlayer
/tikz/libraries\tikzlibraryfolding.code.tex"
File: tikzlibraryfolding.code.tex 2019/12/21 v3.1.5a (3.1.5a)
\tikz@lib@fold@length=\dimen283
)
("C:\Users\Mari\AppData\Local\Programs\MiKTeX 2.9\tex/generic/pgf/frontendlayer
/tikz/libraries\tikzlibrarypatterns.code.tex"
File: tikzlibrarypatterns.code.tex 2019/12/21 v3.1.5a (3.1.5a)

("C:\Users\Mari\AppData\Local\Programs\MiKTeX 2.9\tex/generic/pgf/libraries\pgf
librarypatterns.code.tex"
File: pgflibrarypatterns.code.tex 2019/12/21 v3.1.5a (3.1.5a)
))
("C:\Users\Mari\AppData\Local\Programs\MiKTeX 2.9\tex/generic/pgf/frontendlayer
/tikz/libraries\tikzlibrarydecorations.markings.code.tex"
("C:\Users\Mari\AppData\Local\Programs\MiKTeX 2.9\tex/generic/pgf/libraries/dec
orations\pgflibrarydecorations.markings.code.tex"))
("C:\Users\Mari\AppData\Local\Programs\MiKTeX 2.9\tex/generic/pgf/frontendlayer
/tikz/libraries\tikzlibraryfit.code.tex"
File: tikzlibraryfit.code.tex 2019/12/21 v3.1.5a (3.1.5a)
)
("C:\Users\Mari\AppData\Local\Programs\MiKTeX 2.9\tex/generic/pgf/frontendlayer
/tikz/libraries\tikzlibraryshapes.code.tex"
File: tikzlibraryshapes.code.tex 2019/12/21 v3.1.5a (3.1.5a)

("C:\Users\Mari\AppData\Local\Programs\MiKTeX 2.9\tex/generic/pgf/frontendlayer
/tikz/libraries\tikzlibraryshapes.misc.code.tex"
File: tikzlibraryshapes.misc.code.tex 2019/12/21 v3.1.5a (3.1.5a)

("C:\Users\Mari\AppData\Local\Programs\MiKTeX 2.9\tex/generic/pgf/libraries/sha
pes\pgflibraryshapes.misc.code.tex"
File: pgflibraryshapes.misc.code.tex 2019/12/21 v3.1.5a (3.1.5a)
))
("C:\Users\Mari\AppData\Local\Programs\MiKTeX 2.9\tex/generic/pgf/frontendlayer
/tikz/libraries\tikzlibraryshapes.symbols.code.tex"
File: tikzlibraryshapes.symbols.code.tex 2019/12/21 v3.1.5a (3.1.5a)

("C:\Users\Mari\AppData\Local\Programs\MiKTeX 2.9\tex/generic/pgf/libraries/sha
pes\pgflibraryshapes.symbols.code.tex"
File: pgflibraryshapes.symbols.code.tex 2019/12/21 v3.1.5a (3.1.5a)
))
("C:\Users\Mari\AppData\Local\Programs\MiKTeX 2.9\tex/generic/pgf/frontendlayer
/tikz/libraries\tikzlibraryshapes.arrows.code.tex"
File: tikzlibraryshapes.arrows.code.tex 2019/12/21 v3.1.5a (3.1.5a)

("C:\Users\Mari\AppData\Local\Programs\MiKTeX 2.9\tex/generic/pgf/libraries/sha
pes\pgflibraryshapes.arrows.code.tex"
File: pgflibraryshapes.arrows.code.tex 2019/12/21 v3.1.5a (3.1.5a)
))
("C:\Users\Mari\AppData\Local\Programs\MiKTeX 2.9\tex/generic/pgf/frontendlayer
/tikz/libraries\tikzlibraryshapes.callouts.code.tex"
("C:\Users\Mari\AppData\Local\Programs\MiKTeX 2.9\tex/generic/pgf/libraries/sha
pes\pgflibraryshapes.callouts.code.tex")))
("C:\Users\Mari\AppData\Local\Programs\MiKTeX 2.9\tex/generic/pgf/frontendlayer
/tikz/libraries\tikzlibrarymatrix.code.tex"
File: tikzlibrarymatrix.code.tex 2019/12/21 v3.1.5a (3.1.5a)
)
("C:\Users\Mari\AppData\Local\Programs\MiKTeX 2.9\tex/generic/pgf/frontendlayer
/tikz/libraries\tikzlibrarypositioning.code.tex"
File: tikzlibrarypositioning.code.tex 2019/12/21 v3.1.5a (3.1.5a)
)
("C:\Users\Mari\AppData\Local\Programs\MiKTeX 2.9\tex/generic/pgf/frontendlayer
/tikz/libraries\tikzlibraryarrows.code.tex"
File: tikzlibraryarrows.code.tex 2019/12/21 v3.1.5a (3.1.5a)

("C:\Users\Mari\AppData\Local\Programs\MiKTeX 2.9\tex/generic/pgf/libraries\pgf
libraryarrows.code.tex"
File: pgflibraryarrows.code.tex 2019/12/21 v3.1.5a (3.1.5a)
\arrowsize=\dimen284
))
("C:\Users\Mari\AppData\Local\Programs\MiKTeX 2.9\tex/generic/pgf/frontendlayer
/tikz/libraries\tikzlibrarythrough.code.tex"
File: tikzlibrarythrough.code.tex 2019/12/21 v3.1.5a (3.1.5a)
)
("C:\Users\Mari\AppData\Local\Programs\MiKTeX 2.9\tex/latex/beamer\beamerthemeC
ambridgeUS.sty"
("C:\Users\Mari\AppData\Local\Programs\MiKTeX 2.9\tex/latex/beamer\beamerinnert
hemerounded.sty")
("C:\Users\Mari\AppData\Local\Programs\MiKTeX 2.9\tex/latex/beamer\beameroutert
hemeinfolines.sty")
("C:\Users\Mari\AppData\Local\Programs\MiKTeX 2.9\tex/latex/beamer\beamercolort
hemebeaver.sty")) (CRUCERO.aux)
\openout1 = `CRUCERO.aux'.

LaTeX Font Info:    Checking defaults for OML/cmm/m/it on input line 35.
LaTeX Font Info:    ... okay on input line 35.
LaTeX Font Info:    Checking defaults for T1/cmr/m/n on input line 35.
LaTeX Font Info:    ... okay on input line 35.
LaTeX Font Info:    Checking defaults for OT1/cmr/m/n on input line 35.
LaTeX Font Info:    ... okay on input line 35.
LaTeX Font Info:    Checking defaults for OMS/cmsy/m/n on input line 35.
LaTeX Font Info:    ... okay on input line 35.
LaTeX Font Info:    Checking defaults for OMX/cmex/m/n on input line 35.
LaTeX Font Info:    ... okay on input line 35.
LaTeX Font Info:    Checking defaults for U/cmr/m/n on input line 35.
LaTeX Font Info:    ... okay on input line 35.
LaTeX Font Info:    Checking defaults for PD1/pdf/m/n on input line 35.
LaTeX Font Info:    ... okay on input line 35.

*geometry* driver: auto-detecting
*geometry* detected driver: pdftex
*geometry* verbose mode - [ preamble ] result:
* driver: pdftex
* paper: custom
* layout: <same size as paper>
* layoutoffset:(h,v)=(0.0pt,0.0pt)
* modes: includehead includefoot 
* h-part:(L,W,R)=(10.95003pt, 342.2953pt, 10.95003pt)
* v-part:(T,H,B)=(0.0pt, 273.14662pt, 0.0pt)
* \paperwidth=364.19536pt
* \paperheight=273.14662pt
* \textwidth=342.2953pt
* \textheight=244.6939pt
* \oddsidemargin=-61.31996pt
* \evensidemargin=-61.31996pt
* \topmargin=-72.26999pt
* \headheight=14.22636pt
* \headsep=0.0pt
* \topskip=11.0pt
* \footskip=14.22636pt
* \marginparwidth=4.0pt
* \marginparsep=10.0pt
* \columnsep=10.0pt
* \skip\footins=10.0pt plus 4.0pt minus 2.0pt
* \hoffset=0.0pt
* \voffset=0.0pt
* \mag=1000
* \@twocolumnfalse
* \@twosidefalse
* \@mparswitchfalse
* \@reversemarginfalse
* (1in=72.27pt=25.4mm, 1cm=28.453pt)


("C:\Users\Mari\AppData\Local\Programs\MiKTeX 2.9\tex/context/base/mkii\supp-pd
f.mkii"
[Loading MPS to PDF converter (version 2006.09.02).]
\scratchcounter=\count181
\scratchdimen=\dimen285
\scratchbox=\box83
\nofMPsegments=\count182
\nofMParguments=\count183
\everyMPshowfont=\toks51
\MPscratchCnt=\count184
\MPscratchDim=\dimen286
\MPnumerator=\count185
\makeMPintoPDFobject=\count186
\everyMPtoPDFconversion=\toks52
)
("C:\Users\Mari\AppData\Local\Programs\MiKTeX 2.9\tex/latex/oberdiek\epstopdf-b
ase.sty"
Package: epstopdf-base 2016/05/15 v2.6 Base part for package epstopdf

("C:\Users\Mari\AppData\Local\Programs\MiKTeX 2.9\tex/latex/oberdiek\grfext.sty
"
Package: grfext 2016/05/16 v1.2 Manage graphics extensions (HO)
)
Package epstopdf-base Info: Redefining graphics rule for `.eps' on input line 4
38.
Package grfext Info: Graphics extension search list:
(grfext)             [.pdf,.png,.jpg,.mps,.jpeg,.jbig2,.jb2,.PDF,.PNG,.JPG,.JPE
G,.JBIG2,.JB2,.eps]
(grfext)             \AppendGraphicsExtensions on input line 456.
) ABD: EveryShipout initializing macros
\AtBeginShipoutBox=\box84
Package hyperref Info: Link coloring OFF on input line 35.

("C:\Users\Mari\AppData\Local\Programs\MiKTeX 2.9\tex/latex/hyperref\nameref.st
y"
Package: nameref 2019/09/16 v2.46 Cross-referencing by name of section

("C:\Users\Mari\AppData\Local\Programs\MiKTeX 2.9\tex/generic/oberdiek\gettitle
string.sty"
Package: gettitlestring 2016/05/16 v1.5 Cleanup title references (HO)
)
\c@section@level=\count187
)
LaTeX Info: Redefining \ref on input line 35.
LaTeX Info: Redefining \pageref on input line 35.
LaTeX Info: Redefining \nameref on input line 35.
 (CRUCERO.out) (CRUCERO.out)
\@outlinefile=\write5
\openout5 = `CRUCERO.out'.

LaTeX Font Info:    Overwriting symbol font `operators' in version `normal'
(Font)                  OT1/cmr/m/n --> OT1/cmss/m/n on input line 35.
LaTeX Font Info:    Overwriting symbol font `operators' in version `bold'
(Font)                  OT1/cmr/bx/n --> OT1/cmss/bx/n on input line 35.
\symnumbers=\mathgroup6
\sympureletters=\mathgroup7
LaTeX Font Info:    Overwriting math alphabet `\mathrm' in version `normal'
(Font)                  OT1/cmss/m/n --> OT1/cmr/m/n on input line 35.
LaTeX Font Info:    Redeclaring math alphabet \mathbf on input line 35.
LaTeX Font Info:    Overwriting math alphabet `\mathbf' in version `normal'
(Font)                  OT1/cmr/bx/n --> OT1/cmss/bx/n on input line 35.
LaTeX Font Info:    Overwriting math alphabet `\mathbf' in version `bold'
(Font)                  OT1/cmr/bx/n --> OT1/cmss/bx/n on input line 35.
LaTeX Font Info:    Redeclaring math alphabet \mathsf on input line 35.
LaTeX Font Info:    Overwriting math alphabet `\mathsf' in version `normal'
(Font)                  OT1/cmss/m/n --> OT1/cmss/m/n on input line 35.
LaTeX Font Info:    Overwriting math alphabet `\mathsf' in version `bold'
(Font)                  OT1/cmss/bx/n --> OT1/cmss/m/n on input line 35.
LaTeX Font Info:    Redeclaring math alphabet \mathit on input line 35.
LaTeX Font Info:    Overwriting math alphabet `\mathit' in version `normal'
(Font)                  OT1/cmr/m/it --> OT1/cmss/m/it on input line 35.
LaTeX Font Info:    Overwriting math alphabet `\mathit' in version `bold'
(Font)                  OT1/cmr/bx/it --> OT1/cmss/m/it on input line 35.
LaTeX Font Info:    Redeclaring math alphabet \mathtt on input line 35.
LaTeX Font Info:    Overwriting math alphabet `\mathtt' in version `normal'
(Font)                  OT1/cmtt/m/n --> OT1/cmtt/m/n on input line 35.
LaTeX Font Info:    Overwriting math alphabet `\mathtt' in version `bold'
(Font)                  OT1/cmtt/m/n --> OT1/cmtt/m/n on input line 35.
LaTeX Font Info:    Overwriting symbol font `numbers' in version `bold'
(Font)                  OT1/cmss/m/n --> OT1/cmss/bx/n on input line 35.
LaTeX Font Info:    Overwriting symbol font `pureletters' in version `bold'
(Font)                  OT1/cmss/m/it --> OT1/cmss/bx/it on input line 35.
LaTeX Font Info:    Overwriting math alphabet `\mathrm' in version `bold'
(Font)                  OT1/cmss/bx/n --> OT1/cmr/bx/n on input line 35.
LaTeX Font Info:    Overwriting math alphabet `\mathbf' in version `bold'
(Font)                  OT1/cmss/bx/n --> OT1/cmss/bx/n on input line 35.
LaTeX Font Info:    Overwriting math alphabet `\mathsf' in version `bold'
(Font)                  OT1/cmss/m/n --> OT1/cmss/bx/n on input line 35.
LaTeX Font Info:    Overwriting math alphabet `\mathit' in version `bold'
(Font)                  OT1/cmss/m/it --> OT1/cmss/bx/it on input line 35.
LaTeX Font Info:    Overwriting math alphabet `\mathtt' in version `bold'
(Font)                  OT1/cmtt/m/n --> OT1/cmtt/bx/n on input line 35.
LaTeX Font Info:    Redeclaring symbol font `pureletters' on input line 35.
LaTeX Font Info:    Overwriting symbol font `pureletters' in version `normal'
(Font)                  OT1/cmss/m/it --> OT1/mathkerncmss/m/sl on input line 3
5.
LaTeX Font Info:    Overwriting symbol font `pureletters' in version `bold'
(Font)                  OT1/cmss/bx/it --> OT1/mathkerncmss/m/sl on input line 
35.
LaTeX Font Info:    Overwriting symbol font `pureletters' in version `bold'
(Font)                  OT1/mathkerncmss/m/sl --> OT1/mathkerncmss/bx/sl on inp
ut line 35.

("C:\Users\Mari\AppData\Local\Programs\MiKTeX 2.9\tex/latex/translator\translat
or-basic-dictionary-English.dict"
Dictionary: translator-basic-dictionary, Language: English 
)
("C:\Users\Mari\AppData\Local\Programs\MiKTeX 2.9\tex/latex/translator\translat
or-bibliography-dictionary-English.dict"
Dictionary: translator-bibliography-dictionary, Language: English 
)
("C:\Users\Mari\AppData\Local\Programs\MiKTeX 2.9\tex/latex/translator\translat
or-environment-dictionary-English.dict"
Dictionary: translator-environment-dictionary, Language: English 
)
("C:\Users\Mari\AppData\Local\Programs\MiKTeX 2.9\tex/latex/translator\translat
or-months-dictionary-English.dict"
Dictionary: translator-months-dictionary, Language: English 
)
("C:\Users\Mari\AppData\Local\Programs\MiKTeX 2.9\tex/latex/translator\translat
or-numbers-dictionary-English.dict"
Dictionary: translator-numbers-dictionary, Language: English 
)
("C:\Users\Mari\AppData\Local\Programs\MiKTeX 2.9\tex/latex/translator\translat
or-theorem-dictionary-English.dict"
Dictionary: translator-theorem-dictionary, Language: English 
)
Package caption Info: Begin \AtBeginDocument code.
Package caption Info: End \AtBeginDocument code.


Package pgfplots Warning: running in backwards compatibility mode (unsuitable t
ick labels; missing features). Consider writing \pgfplotsset{compat=1.17} into 
your preamble.
 on input line 35.

(CRUCERO.nav)

Package hyperref Warning: Option `pdfauthor' has already been used,
(hyperref)                setting the option has no effect on input line 38.

[1

{C:/Users/Mari/AppData/Local/MiKTeX/2.9/pdftex/config/pdftex.map}]
(CRUCERO.toc) [2

]
Overfull \hbox (28.10927pt too wide) in paragraph at lines 86--86
 [][]\OT1/cmss/m/n/9 Portacontenedores 
 []


Overfull \hbox (5.69264pt too wide) in paragraph at lines 86--86
 [][]\OT1/cmss/m/n/9 Quimiqueros 
 []


Overfull \vbox (4.3398pt too high) detected at line 86
 []

[3

]
Overfull \hbox (28.10927pt too wide) in paragraph at lines 86--86
 [][]\OT1/cmss/m/n/9 Portacontenedores 
 []


Overfull \hbox (5.69264pt too wide) in paragraph at lines 86--86
 [][]\OT1/cmss/m/n/9 Quimiqueros 
 []


Overfull \vbox (4.3398pt too high) detected at line 86
 []

[4

]
Overfull \hbox (28.10927pt too wide) in paragraph at lines 86--86
 [][]\OT1/cmss/m/n/9 Portacontenedores 
 []


Overfull \hbox (5.69264pt too wide) in paragraph at lines 86--86
 [][]\OT1/cmss/m/n/9 Quimiqueros 
 []


Overfull \vbox (4.3398pt too high) detected at line 86
 []

[5

]
Overfull \hbox (28.10927pt too wide) in paragraph at lines 86--86
 [][]\OT1/cmss/m/n/9 Portacontenedores 
 []


Overfull \hbox (5.69264pt too wide) in paragraph at lines 86--86
 [][]\OT1/cmss/m/n/9 Quimiqueros 
 []


Overfull \vbox (4.3398pt too high) detected at line 86
 []

[6

]
Overfull \hbox (28.10927pt too wide) in paragraph at lines 86--86
 [][]\OT1/cmss/m/n/9 Portacontenedores 
 []


Overfull \hbox (5.69264pt too wide) in paragraph at lines 86--86
 [][]\OT1/cmss/m/n/9 Quimiqueros 
 []


Overfull \vbox (4.3398pt too high) detected at line 86
 []

[7

]
Overfull \hbox (28.10927pt too wide) in paragraph at lines 86--86
 [][]\OT1/cmss/m/n/9 Portacontenedores 
 []


Overfull \hbox (5.69264pt too wide) in paragraph at lines 86--86
 [][]\OT1/cmss/m/n/9 Quimiqueros 
 []


Overfull \vbox (4.3398pt too high) detected at line 86
 []

[8

]
Overfull \hbox (28.10927pt too wide) in paragraph at lines 86--86
 [][]\OT1/cmss/m/n/9 Portacontenedores 
 []


Overfull \hbox (5.69264pt too wide) in paragraph at lines 86--86
 [][]\OT1/cmss/m/n/9 Quimiqueros 
 []


Overfull \vbox (4.3398pt too high) detected at line 86
 []

[9

]
Overfull \hbox (28.10927pt too wide) in paragraph at lines 86--86
 [][]\OT1/cmss/m/n/9 Portacontenedores 
 []


Overfull \hbox (5.69264pt too wide) in paragraph at lines 86--86
 [][]\OT1/cmss/m/n/9 Quimiqueros 
 []


Overfull \vbox (4.3398pt too high) detected at line 86
 []

[10

]
Overfull \hbox (28.10927pt too wide) in paragraph at lines 86--86
 [][]\OT1/cmss/m/n/9 Portacontenedores 
 []


Overfull \hbox (5.69264pt too wide) in paragraph at lines 86--86
 [][]\OT1/cmss/m/n/9 Quimiqueros 
 []


Overfull \vbox (4.3398pt too high) detected at line 86
 []

[11

]
Overfull \hbox (28.10927pt too wide) in paragraph at lines 86--86
 [][]\OT1/cmss/m/n/9 Portacontenedores 
 []


Overfull \hbox (5.69264pt too wide) in paragraph at lines 86--86
 [][]\OT1/cmss/m/n/9 Quimiqueros 
 []


Overfull \vbox (4.3398pt too high) detected at line 86
 []

[12

]
Overfull \hbox (28.10927pt too wide) in paragraph at lines 86--86
 [][]\OT1/cmss/m/n/9 Portacontenedores 
 []


Overfull \hbox (5.69264pt too wide) in paragraph at lines 86--86
 [][]\OT1/cmss/m/n/9 Quimiqueros 
 []


Overfull \vbox (4.3398pt too high) detected at line 86
 []

[13

]
Overfull \hbox (28.10927pt too wide) in paragraph at lines 86--86
 [][]\OT1/cmss/m/n/9 Portacontenedores 
 []


Overfull \hbox (5.69264pt too wide) in paragraph at lines 86--86
 [][]\OT1/cmss/m/n/9 Quimiqueros 
 []


Overfull \vbox (4.3398pt too high) detected at line 86
 []

[14

]
Overfull \hbox (28.10927pt too wide) in paragraph at lines 86--86
 [][]\OT1/cmss/m/n/9 Portacontenedores 
 []


Overfull \hbox (5.69264pt too wide) in paragraph at lines 86--86
 [][]\OT1/cmss/m/n/9 Quimiqueros 
 []


Overfull \vbox (4.3398pt too high) detected at line 86
 []

[15

]

LaTeX Font Warning: Font shape `OT1/cmss/m/sc' in size <10.95> not available
(Font)              Font shape `OT1/cmr/m/sc' tried instead on input line 149.


LaTeX Font Warning: Font shape `OT1/cmss/m/sc' in size <24.88> not available
(Font)              Font shape `OT1/cmr/m/sc' tried instead on input line 149.

[16

] [17

]

LaTeX Font Warning: Font shape `OT1/cmss/m/sc' in size <9> not available
(Font)              Font shape `OT1/cmr/m/sc' tried instead on input line 185.

<RC.png, id=571, 409.53pt x 105.0564pt>
File: RC.png Graphic file (type png)
<use RC.png>
Package pdftex.def Info: RC.png  used on input line 185.
(pdftex.def)             Requested size: 81.90454pt x 21.0109pt.
<PLL.png, id=573, 722.7pt x 240.9pt>
File: PLL.png Graphic file (type png)
<use PLL.png>
Package pdftex.def Info: PLL.png  used on input line 185.
(pdftex.def)             Requested size: 108.40031pt x 36.13344pt.
<MSC.jpg, id=574, 833.1125pt x 370.38374pt>
File: MSC.jpg Graphic file (type jpg)
<use MSC.jpg>
Package pdftex.def Info: MSC.jpg  used on input line 185.
(pdftex.def)             Requested size: 66.65036pt x 29.6313pt.
<CR.jpg, id=575, 644.4075pt x 221.82875pt>
File: CR.jpg Graphic file (type jpg)
<use CR.jpg>
Package pdftex.def Info: CR.jpg  used on input line 185.
(pdftex.def)             Requested size: 64.44452pt x 22.18416pt.
<DY.png, id=576, 1170.3725pt x 418.56375pt>
File: DY.png Graphic file (type png)
<use DY.png>
Package pdftex.def Info: DY.png  used on input line 185.
(pdftex.def)             Requested size: 93.63171pt x 33.48578pt.
<WC.jpg, id=577, 675.27281pt x 270.25969pt>
File: WC.jpg Graphic file (type jpg)
<use WC.jpg>
Package pdftex.def Info: WC.jpg  used on input line 185.
(pdftex.def)             Requested size: 47.27393pt x 18.9201pt.
<CC.png, id=578, 903.375pt x 523.9575pt>
File: CC.png Graphic file (type png)
<use CC.png>
Package pdftex.def Info: CC.png  used on input line 185.
(pdftex.def)             Requested size: 45.17139pt x 26.1994pt.
[18

 <./RC.png> <./PLL.png> <./MSC.jpg> <./CR.jpg> <./DY.png> <./WC.jpg> <./CC.png>
]
File: RC.png Graphic file (type png)
<use RC.png>
Package pdftex.def Info: RC.png  used on input line 185.
(pdftex.def)             Requested size: 81.90454pt x 21.0109pt.
File: PLL.png Graphic file (type png)
<use PLL.png>
Package pdftex.def Info: PLL.png  used on input line 185.
(pdftex.def)             Requested size: 108.40031pt x 36.13344pt.
File: MSC.jpg Graphic file (type jpg)
<use MSC.jpg>
Package pdftex.def Info: MSC.jpg  used on input line 185.
(pdftex.def)             Requested size: 66.65036pt x 29.6313pt.
File: CR.jpg Graphic file (type jpg)
<use CR.jpg>
Package pdftex.def Info: CR.jpg  used on input line 185.
(pdftex.def)             Requested size: 64.44452pt x 22.18416pt.
File: DY.png Graphic file (type png)
<use DY.png>
Package pdftex.def Info: DY.png  used on input line 185.
(pdftex.def)             Requested size: 93.63171pt x 33.48578pt.
File: WC.jpg Graphic file (type jpg)
<use WC.jpg>
Package pdftex.def Info: WC.jpg  used on input line 185.
(pdftex.def)             Requested size: 47.27393pt x 18.9201pt.
File: CC.png Graphic file (type png)
<use CC.png>
Package pdftex.def Info: CC.png  used on input line 185.
(pdftex.def)             Requested size: 45.17139pt x 26.1994pt.
 [19

]
File: RC.png Graphic file (type png)
<use RC.png>
Package pdftex.def Info: RC.png  used on input line 185.
(pdftex.def)             Requested size: 81.90454pt x 21.0109pt.
File: PLL.png Graphic file (type png)
<use PLL.png>
Package pdftex.def Info: PLL.png  used on input line 185.
(pdftex.def)             Requested size: 108.40031pt x 36.13344pt.
File: MSC.jpg Graphic file (type jpg)
<use MSC.jpg>
Package pdftex.def Info: MSC.jpg  used on input line 185.
(pdftex.def)             Requested size: 66.65036pt x 29.6313pt.
File: CR.jpg Graphic file (type jpg)
<use CR.jpg>
Package pdftex.def Info: CR.jpg  used on input line 185.
(pdftex.def)             Requested size: 64.44452pt x 22.18416pt.
File: DY.png Graphic file (type png)
<use DY.png>
Package pdftex.def Info: DY.png  used on input line 185.
(pdftex.def)             Requested size: 93.63171pt x 33.48578pt.
File: WC.jpg Graphic file (type jpg)
<use WC.jpg>
Package pdftex.def Info: WC.jpg  used on input line 185.
(pdftex.def)             Requested size: 47.27393pt x 18.9201pt.
File: CC.png Graphic file (type png)
<use CC.png>
Package pdftex.def Info: CC.png  used on input line 185.
(pdftex.def)             Requested size: 45.17139pt x 26.1994pt.
 [20

]
File: RC.png Graphic file (type png)
<use RC.png>
Package pdftex.def Info: RC.png  used on input line 185.
(pdftex.def)             Requested size: 81.90454pt x 21.0109pt.
File: PLL.png Graphic file (type png)
<use PLL.png>
Package pdftex.def Info: PLL.png  used on input line 185.
(pdftex.def)             Requested size: 108.40031pt x 36.13344pt.
File: MSC.jpg Graphic file (type jpg)
<use MSC.jpg>
Package pdftex.def Info: MSC.jpg  used on input line 185.
(pdftex.def)             Requested size: 66.65036pt x 29.6313pt.
File: CR.jpg Graphic file (type jpg)
<use CR.jpg>
Package pdftex.def Info: CR.jpg  used on input line 185.
(pdftex.def)             Requested size: 64.44452pt x 22.18416pt.
File: DY.png Graphic file (type png)
<use DY.png>
Package pdftex.def Info: DY.png  used on input line 185.
(pdftex.def)             Requested size: 93.63171pt x 33.48578pt.
File: WC.jpg Graphic file (type jpg)
<use WC.jpg>
Package pdftex.def Info: WC.jpg  used on input line 185.
(pdftex.def)             Requested size: 47.27393pt x 18.9201pt.
File: CC.png Graphic file (type png)
<use CC.png>
Package pdftex.def Info: CC.png  used on input line 185.
(pdftex.def)             Requested size: 45.17139pt x 26.1994pt.
 [21

]
File: RC.png Graphic file (type png)
<use RC.png>
Package pdftex.def Info: RC.png  used on input line 185.
(pdftex.def)             Requested size: 81.90454pt x 21.0109pt.
File: PLL.png Graphic file (type png)
<use PLL.png>
Package pdftex.def Info: PLL.png  used on input line 185.
(pdftex.def)             Requested size: 108.40031pt x 36.13344pt.
File: MSC.jpg Graphic file (type jpg)
<use MSC.jpg>
Package pdftex.def Info: MSC.jpg  used on input line 185.
(pdftex.def)             Requested size: 66.65036pt x 29.6313pt.
File: CR.jpg Graphic file (type jpg)
<use CR.jpg>
Package pdftex.def Info: CR.jpg  used on input line 185.
(pdftex.def)             Requested size: 64.44452pt x 22.18416pt.
File: DY.png Graphic file (type png)
<use DY.png>
Package pdftex.def Info: DY.png  used on input line 185.
(pdftex.def)             Requested size: 93.63171pt x 33.48578pt.
File: WC.jpg Graphic file (type jpg)
<use WC.jpg>
Package pdftex.def Info: WC.jpg  used on input line 185.
(pdftex.def)             Requested size: 47.27393pt x 18.9201pt.
File: CC.png Graphic file (type png)
<use CC.png>
Package pdftex.def Info: CC.png  used on input line 185.
(pdftex.def)             Requested size: 45.17139pt x 26.1994pt.
 [22

]
File: RC.png Graphic file (type png)
<use RC.png>
Package pdftex.def Info: RC.png  used on input line 185.
(pdftex.def)             Requested size: 81.90454pt x 21.0109pt.
File: PLL.png Graphic file (type png)
<use PLL.png>
Package pdftex.def Info: PLL.png  used on input line 185.
(pdftex.def)             Requested size: 108.40031pt x 36.13344pt.
File: MSC.jpg Graphic file (type jpg)
<use MSC.jpg>
Package pdftex.def Info: MSC.jpg  used on input line 185.
(pdftex.def)             Requested size: 66.65036pt x 29.6313pt.
File: CR.jpg Graphic file (type jpg)
<use CR.jpg>
Package pdftex.def Info: CR.jpg  used on input line 185.
(pdftex.def)             Requested size: 64.44452pt x 22.18416pt.
File: DY.png Graphic file (type png)
<use DY.png>
Package pdftex.def Info: DY.png  used on input line 185.
(pdftex.def)             Requested size: 93.63171pt x 33.48578pt.
File: WC.jpg Graphic file (type jpg)
<use WC.jpg>
Package pdftex.def Info: WC.jpg  used on input line 185.
(pdftex.def)             Requested size: 47.27393pt x 18.9201pt.
File: CC.png Graphic file (type png)
<use CC.png>
Package pdftex.def Info: CC.png  used on input line 185.
(pdftex.def)             Requested size: 45.17139pt x 26.1994pt.
 [23

]
File: RC.png Graphic file (type png)
<use RC.png>
Package pdftex.def Info: RC.png  used on input line 185.
(pdftex.def)             Requested size: 81.90454pt x 21.0109pt.
File: PLL.png Graphic file (type png)
<use PLL.png>
Package pdftex.def Info: PLL.png  used on input line 185.
(pdftex.def)             Requested size: 108.40031pt x 36.13344pt.
File: MSC.jpg Graphic file (type jpg)
<use MSC.jpg>
Package pdftex.def Info: MSC.jpg  used on input line 185.
(pdftex.def)             Requested size: 66.65036pt x 29.6313pt.
File: CR.jpg Graphic file (type jpg)
<use CR.jpg>
Package pdftex.def Info: CR.jpg  used on input line 185.
(pdftex.def)             Requested size: 64.44452pt x 22.18416pt.
File: DY.png Graphic file (type png)
<use DY.png>
Package pdftex.def Info: DY.png  used on input line 185.
(pdftex.def)             Requested size: 93.63171pt x 33.48578pt.
File: WC.jpg Graphic file (type jpg)
<use WC.jpg>
Package pdftex.def Info: WC.jpg  used on input line 185.
(pdftex.def)             Requested size: 47.27393pt x 18.9201pt.
File: CC.png Graphic file (type png)
<use CC.png>
Package pdftex.def Info: CC.png  used on input line 185.
(pdftex.def)             Requested size: 45.17139pt x 26.1994pt.
 [24

]
File: RC.png Graphic file (type png)
<use RC.png>
Package pdftex.def Info: RC.png  used on input line 185.
(pdftex.def)             Requested size: 81.90454pt x 21.0109pt.
File: PLL.png Graphic file (type png)
<use PLL.png>
Package pdftex.def Info: PLL.png  used on input line 185.
(pdftex.def)             Requested size: 108.40031pt x 36.13344pt.
File: MSC.jpg Graphic file (type jpg)
<use MSC.jpg>
Package pdftex.def Info: MSC.jpg  used on input line 185.
(pdftex.def)             Requested size: 66.65036pt x 29.6313pt.
File: CR.jpg Graphic file (type jpg)
<use CR.jpg>
Package pdftex.def Info: CR.jpg  used on input line 185.
(pdftex.def)             Requested size: 64.44452pt x 22.18416pt.
File: DY.png Graphic file (type png)
<use DY.png>
Package pdftex.def Info: DY.png  used on input line 185.
(pdftex.def)             Requested size: 93.63171pt x 33.48578pt.
File: WC.jpg Graphic file (type jpg)
<use WC.jpg>
Package pdftex.def Info: WC.jpg  used on input line 185.
(pdftex.def)             Requested size: 47.27393pt x 18.9201pt.
File: CC.png Graphic file (type png)
<use CC.png>
Package pdftex.def Info: CC.png  used on input line 185.
(pdftex.def)             Requested size: 45.17139pt x 26.1994pt.
 [25

]
Overfull \hbox (5.53584pt too wide) in paragraph at lines 216--216
 \OT1/cmss/m/n/10.95 Mediterraneo 
 []


Overfull \hbox (3.34575pt too wide) in paragraph at lines 216--216
 \OT1/cmss/m/n/10.95 Transatlanticas 
 []


Overfull \vbox (6.57872pt too high) detected at line 216
 []

[26

]
Overfull \hbox (5.53584pt too wide) in paragraph at lines 216--216
 \OT1/cmss/m/n/10.95 Mediterraneo 
 []


Overfull \hbox (3.34575pt too wide) in paragraph at lines 216--216
 \OT1/cmss/m/n/10.95 Transatlanticas 
 []


Overfull \vbox (6.57872pt too high) detected at line 216
 []

[27

]
Overfull \hbox (5.53584pt too wide) in paragraph at lines 216--216
 \OT1/cmss/m/n/10.95 Mediterraneo 
 []


Overfull \hbox (3.34575pt too wide) in paragraph at lines 216--216
 \OT1/cmss/m/n/10.95 Transatlanticas 
 []


Overfull \vbox (6.57872pt too high) detected at line 216
 []

[28

]
Overfull \hbox (5.53584pt too wide) in paragraph at lines 216--216
 \OT1/cmss/m/n/10.95 Mediterraneo 
 []


Overfull \hbox (3.34575pt too wide) in paragraph at lines 216--216
 \OT1/cmss/m/n/10.95 Transatlanticas 
 []


Overfull \vbox (6.57872pt too high) detected at line 216
 []

[29

]
Overfull \hbox (5.53584pt too wide) in paragraph at lines 216--216
 \OT1/cmss/m/n/10.95 Mediterraneo 
 []


Overfull \hbox (3.34575pt too wide) in paragraph at lines 216--216
 \OT1/cmss/m/n/10.95 Transatlanticas 
 []


Overfull \vbox (6.57872pt too high) detected at line 216
 []

[30

]
Overfull \hbox (5.53584pt too wide) in paragraph at lines 216--216
 \OT1/cmss/m/n/10.95 Mediterraneo 
 []


Overfull \hbox (3.34575pt too wide) in paragraph at lines 216--216
 \OT1/cmss/m/n/10.95 Transatlanticas 
 []


Overfull \vbox (6.57872pt too high) detected at line 216
 []

[31

]
<world.jpg, id=964, 321.2pt x 165.8195pt>
File: world.jpg Graphic file (type jpg)
<use world.jpg>
Package pdftex.def Info: world.jpg  used on input line 225.
(pdftex.def)             Requested size: 321.19922pt x 165.81909pt.
 [32

 <./world.jpg>]
<itin.png, id=991, 543.53062pt x 284.56313pt>
File: itin.png Graphic file (type png)
<use itin.png>
Package pdftex.def Info: itin.png  used on input line 233.
(pdftex.def)             Requested size: 326.12088pt x 170.73918pt.
 [33

 <./itin.png>]
Missing character: There is no c in font nullfont!
Missing character: There is no y in font nullfont!
Missing character: There is no a in font nullfont!
Missing character: There is no n in font nullfont!
Missing character: There is no ! in font nullfont!
Missing character: There is no 7 in font nullfont!
Missing character: There is no 0 in font nullfont!
Missing character: There is no c in font nullfont!
Missing character: There is no y in font nullfont!
Missing character: There is no a in font nullfont!
Missing character: There is no n in font nullfont!
Missing character: There is no ! in font nullfont!
Missing character: There is no 3 in font nullfont!
Missing character: There is no 0 in font nullfont!
Missing character: There is no p in font nullfont!
Missing character: There is no u in font nullfont!
Missing character: There is no r in font nullfont!
Missing character: There is no p in font nullfont!
Missing character: There is no l in font nullfont!
Missing character: There is no e in font nullfont!
Missing character: There is no ! in font nullfont!
Missing character: There is no 7 in font nullfont!
Missing character: There is no 0 in font nullfont!
Missing character: There is no p in font nullfont!
Missing character: There is no i in font nullfont!
Missing character: There is no n in font nullfont!
Missing character: There is no k in font nullfont!
Missing character: There is no ! in font nullfont!
Missing character: There is no 7 in font nullfont!
Missing character: There is no 0 in font nullfont!
Missing character: There is no r in font nullfont!
Missing character: There is no e in font nullfont!
Missing character: There is no d in font nullfont!
Missing character: There is no o in font nullfont!
Missing character: There is no r in font nullfont!
Missing character: There is no a in font nullfont!
Missing character: There is no n in font nullfont!
Missing character: There is no g in font nullfont!
Missing character: There is no e in font nullfont!
Missing character: There is no ! in font nullfont!
Missing character: There is no 7 in font nullfont!
Missing character: There is no 0 in font nullfont!
Missing character: There is no o in font nullfont!
Missing character: There is no r in font nullfont!
Missing character: There is no a in font nullfont!
Missing character: There is no n in font nullfont!
Missing character: There is no g in font nullfont!
Missing character: There is no e in font nullfont!
Missing character: There is no ! in font nullfont!
Missing character: There is no 3 in font nullfont!
Missing character: There is no 0 in font nullfont!
Missing character: There is no y in font nullfont!
Missing character: There is no e in font nullfont!
Missing character: There is no l in font nullfont!
Missing character: There is no l in font nullfont!
Missing character: There is no o in font nullfont!
Missing character: There is no w in font nullfont!
Missing character: There is no g in font nullfont!
Missing character: There is no r in font nullfont!
Missing character: There is no e in font nullfont!
Missing character: There is no e in font nullfont!
Missing character: There is no n in font nullfont!
Missing character: There is no ! in font nullfont!
Missing character: There is no 7 in font nullfont!
Missing character: There is no 0 in font nullfont!
Missing character: There is no g in font nullfont!
Missing character: There is no r in font nullfont!
Missing character: There is no e in font nullfont!
Missing character: There is no e in font nullfont!
Missing character: There is no n in font nullfont!
Missing character: There is no ! in font nullfont!
Missing character: There is no 3 in font nullfont!
Missing character: There is no 0 in font nullfont!
 [34

]
<lenght.jpg, id=1044, 456.70625pt x 272.01625pt>
File: lenght.jpg Graphic file (type jpg)
<use lenght.jpg>
Package pdftex.def Info: lenght.jpg  used on input line 260.
(pdftex.def)             Requested size: 228.35255pt x 136.00778pt.
 [35

 <./lenght.jpg>]
<b1.jpg, id=1073, 654.445pt x 929.4725pt>
File: b1.jpg Graphic file (type jpg)
<use b1.jpg>
Package pdftex.def Info: b1.jpg  used on input line 278.
(pdftex.def)             Requested size: 119.80544pt x 170.14853pt.
LaTeX Font Info:    Trying to load font information for U+msa on input line 278
.

("C:\Users\Mari\AppData\Local\Programs\MiKTeX 2.9\tex/latex/amsfonts\umsa.fd"
File: umsa.fd 2013/01/14 v3.01 AMS symbols A
)
LaTeX Font Info:    Trying to load font information for U+msb on input line 278
.

("C:\Users\Mari\AppData\Local\Programs\MiKTeX 2.9\tex/latex/amsfonts\umsb.fd"
File: umsb.fd 2013/01/14 v3.01 AMS symbols B
)
LaTeX Font Info:    Trying to load font information for OT1+mathkerncmss on inp
ut line 278.

("C:\Users\Mari\AppData\Local\Programs\MiKTeX 2.9\tex/latex/sansmathaccent\ot1m
athkerncmss.fd"
File: ot1mathkerncmss.fd 2013/03/27 Fontinst v1.933 font definitions for OT1/ma
thkerncmss.
)
<b2.jpg, id=1074, 620.3175pt x 1057.9525pt>
File: b2.jpg Graphic file (type jpg)
<use b2.jpg>
Package pdftex.def Info: b2.jpg  used on input line 278.
(pdftex.def)             Requested size: 119.80544pt x 204.32239pt.
 [36

 <./b1.jpg> <./b2.jpg>]
<pass.jpg, id=1101, 461.725pt x 289.08pt>
File: pass.jpg Graphic file (type jpg)
<use pass.jpg>
Package pdftex.def Info: pass.jpg  used on input line 286.
(pdftex.def)             Requested size: 230.86194pt x 144.53964pt.
 [37

 <./pass.jpg>] [38

] [39

]
[40

] [41

]
<allure.jpg, id=1238, 880.79062pt x 414.04688pt>
File: allure.jpg Graphic file (type jpg)
<use allure.jpg>
Package pdftex.def Info: allure.jpg  used on input line 319.
(pdftex.def)             Requested size: 308.28133pt x 144.91856pt.
 [42

 <./allure.jpg>]
<allure1.png, id=1265, 698.61pt x 286.82156pt>
File: allure1.png Graphic file (type png)
<use allure1.png>
Package pdftex.def Info: allure1.png  used on input line 328.
(pdftex.def)             Requested size: 349.30414pt x 143.41042pt.

Overfull \hbox (7.00883pt too wide) in paragraph at lines 328--328
 [] 
 []

[43

 <./allure1.png>]
<sr2.jpg, id=1293, 282.30469pt x 216.81pt>
File: sr2.jpg Graphic file (type jpg)
<use sr2.jpg>
Package pdftex.def Info: sr2.jpg  used on input line 348.
(pdftex.def)             Requested size: 154.03183pt x 118.29639pt.
<sr1.jpg, id=1294, 1033.8625pt x 775.89874pt>
File: sr1.jpg Graphic file (type jpg)
<use sr1.jpg>
Package pdftex.def Info: sr1.jpg  used on input line 348.
(pdftex.def)             Requested size: 154.03183pt x 115.59839pt.
 [44

 <./sr2.jpg> <./sr1.jpg>]
Overfull \hbox (14.00218pt too wide) in paragraph at lines 369--369
[][]  
 []

[45

]
<pato1.jpg, id=1349, 2023.56pt x 1517.67pt>
File: pato1.jpg Graphic file (type jpg)
<use pato1.jpg>
Package pdftex.def Info: pato1.jpg  used on input line 388.
(pdftex.def)             Requested size: 154.03183pt x 115.51085pt.
<pato2.jpg, id=1350, 2023.56pt x 1517.67pt>
File: pato2.jpg Graphic file (type jpg)
<use pato2.jpg>
Package pdftex.def Info: pato2.jpg  used on input line 388.
(pdftex.def)             Requested size: 154.03183pt x 115.51085pt.
 [46

 <./pato1.jpg> <./pato2.jpg>]
<teatro.jpg, id=1378, 2023.56pt x 1517.67pt>
File: teatro.jpg Graphic file (type jpg)
<use teatro.jpg>
Package pdftex.def Info: teatro.jpg  used on input line 406.
(pdftex.def)             Requested size: 171.14764pt x 128.34024pt.
<carn.jpg, id=1379, 1122.44344pt x 1151.05031pt>
File: carn.jpg Graphic file (type jpg)
<use carn.jpg>
Package pdftex.def Info: carn.jpg  used on input line 406.
(pdftex.def)             Requested size: 154.03183pt x 157.94937pt.
 [47

 <./teatro.jpg> <./carn.jpg>]
<oa1.jpg, id=1411, 605.5054pt x 339.86432pt>
File: oa1.jpg Graphic file (type jpg)
<use oa1.jpg>
Package pdftex.def Info: oa1.jpg  used on input line 417.
(pdftex.def)             Requested size: 302.75195pt x 169.93173pt.

Overfull \vbox (11.92906pt too high) detected at line 417
 []

[48

 <./oa1.jpg>] [49

] [50

]
\tf@nav=\write6
\openout6 = `CRUCERO.nav'.

\tf@toc=\write7
\openout7 = `CRUCERO.toc'.

\tf@snm=\write8
\openout8 = `CRUCERO.snm'.

Package atveryend Info: Empty hook `BeforeClearDocument' on input line 433.
Package atveryend Info: Empty hook `AfterLastShipout' on input line 433.
 (CRUCERO.aux)
Package atveryend Info: Executing hook `AtVeryEndDocument' on input line 433.
Package atveryend Info: Executing hook `AtEndAfterFileList' on input line 433.
Package rerunfilecheck Info: File `CRUCERO.out' has not changed.
(rerunfilecheck)             Checksum: 582A24188183E441ACBDDE24259905EC;402.
 ) 
Here is how much of TeX's memory you used:
 38937 strings out of 492452
 954901 string characters out of 3120530
 1150679 words of memory out of 3000000
 42471 multiletter control sequences out of 15000+200000
 12211 words of font info for 44 fonts, out of 3000000 for 9000
 1141 hyphenation exceptions out of 8191
 64i,16n,98p,803b,1446s stack positions out of 5000i,500n,10000p,200000b,50000s
<C:/Users/Mari/AppData/Local/Programs/MiKTeX 2.9/fonts/type1/public/amsfonts/
cm/cmcsc10.pfb><C:/Users/Mari/AppData/Local/Programs/MiKTeX 2.9/fonts/type1/pub
lic/amsfonts/cm/cmss10.pfb><C:/Users/Mari/AppData/Local/Programs/MiKTeX 2.9/fon
ts/type1/public/amsfonts/cm/cmss12.pfb><C:/Users/Mari/AppData/Local/Programs/Mi
KTeX 2.9/fonts/type1/public/amsfonts/cm/cmss8.pfb><C:/Users/Mari/AppData/Local/
Programs/MiKTeX 2.9/fonts/type1/public/amsfonts/cm/cmss9.pfb>
Output written on CRUCERO.pdf (50 pages, 5191972 bytes).
PDF statistics:
 1537 PDF objects out of 1728 (max. 8388607)
 113 named destinations out of 1000 (max. 500000)
 379 words of extra memory for PDF output out of 10000 (max. 10000000)

